# JRE version: OpenJDK Runtime Environment Temurin-21.0.8+9 (21.0.8+9) (build 21.0.8+9-LTS)
# Java VM: OpenJDK 64-Bit Server VM Temurin-21.0.8+9 (21.0.8+9-LTS, mixed mode, sharing, tiered, compressed oops, compressed class ptrs, parallel gc, windows-amd64)
GC Precious Log:
 CardTable entry size: 512
 CPUs: 4 total, 4 available
 Memory: 8061M
 Large Page Support: Disabled
 NUMA Support: Disabled
 Compressed Oops: Enabled (32-bit)
 Alignments: Space 512K, Generation 512K, Heap 2M
 Heap Min Capacity: 100M
 Heap Initial Capacity: 100M
 Heap Max Capacity: 2G
 Pre-touch: Disabled
 Parallel Workers: 4
Heap:
 PSYoungGen      total 6144K, used 2565K [0x00000000d5580000, 0x00000000d5f80000, 0x0000000100000000)
  eden space 5632K, 41% used [0x00000000d5580000,0x00000000d57c1590,0x00000000d5b00000)
  from space 512K, 50% used [0x00000000d5f00000,0x00000000d5f40030,0x00000000d5f80000)
  to   space 512K, 0% used [0x00000000d5e80000,0x00000000d5e80000,0x00000000d5f00000)
 ParOldGen       total 1304576K, used 1304485K [0x0000000080000000, 0x00000000cfa00000, 0x00000000d5580000)
  object space 1304576K, 99% used [0x0000000080000000,0x00000000cf9e95c0,0x00000000cfa00000)
 Metaspace       used 89067K, committed 90752K, reserved 1179648K
  class space    used 9175K, committed 9920K, reserved 1048576K
GC Heap History (20 events):
Event: 6696.771 GC heap before
{Heap before GC invocations=2077 (full 4):
 PSYoungGen      total 6656K, used 6639K [0x00000000d5580000, 0x00000000d5f80000, 0x0000000100000000)
  eden space 5632K, 100% used [0x00000000d5580000,0x00000000d5b00000,0x00000000d5b00000)
  from space 1024K, 98% used [0x00000000d5c80000,0x00000000d5d7be40,0x00000000d5d80000)
  to   space 1536K, 0% used [0x00000000d5b00000,0x00000000d5b00000,0x00000000d5c80000)
 ParOldGen       total 1302016K, used 1301559K [0x0000000080000000, 0x00000000cf780000, 0x00000000d5580000)
  object space 1302016K, 99% used [0x0000000080000000,0x00000000cf70de90,0x00000000cf780000)
 Metaspace       used 88994K, committed 90688K, reserved 1179648K
  class space    used 9168K, committed 9920K, reserved 1048576K
}
Event: 6696.777 GC heap after
{Heap after GC invocations=2077 (full 4):
 PSYoungGen      total 6144K, used 468K [0x00000000d5580000, 0x00000000d5d00000, 0x0000000100000000)
  eden space 5632K, 0% used [0x00000000d5580000,0x00000000d5580000,0x00000000d5b00000)
  from space 512K, 91% used [0x00000000d5b00000,0x00000000d5b75200,0x00000000d5b80000)
  to   space 1024K, 0% used [0x00000000d5c00000,0x00000000d5c00000,0x00000000d5d00000)
 ParOldGen       total 1302016K, used 1301732K [0x0000000080000000, 0x00000000cf780000, 0x00000000d5580000)
  object space 1302016K, 99% used [0x0000000080000000,0x00000000cf7390d0,0x00000000cf780000)
 Metaspace       used 88994K, committed 90688K, reserved 1179648K
  class space    used 9168K, committed 9920K, reserved 1048576K
}
Event: 6696.797 GC heap before
{Heap before GC invocations=2078 (full 4):
 PSYoungGen      total 6144K, used 6100K [0x00000000d5580000, 0x00000000d5d00000, 0x0000000100000000)
  eden space 5632K, 100% used [0x00000000d5580000,0x00000000d5b00000,0x00000000d5b00000)
  from space 512K, 91% used [0x00000000d5b00000,0x00000000d5b75200,0x00000000d5b80000)
  to   space 1024K, 0% used [0x00000000d5c00000,0x00000000d5c00000,0x00000000d5d00000)
 ParOldGen       total 1302016K, used 1301732K [0x0000000080000000, 0x00000000cf780000, 0x00000000d5580000)
  object space 1302016K, 99% used [0x0000000080000000,0x00000000cf7390d0,0x00000000cf780000)
 Metaspace       used 88994K, committed 90688K, reserved 1179648K
  class space    used 9168K, committed 9920K, reserved 1048576K
}
Event: 6696.802 GC heap after
{Heap after GC invocations=2078 (full 4):
 PSYoungGen      total 6144K, used 186K [0x00000000d5580000, 0x00000000d5c80000, 0x0000000100000000)
  eden space 5632K, 0% used [0x00000000d5580000,0x00000000d5580000,0x00000000d5b00000)
  from space 512K, 36% used [0x00000000d5c00000,0x00000000d5c2e900,0x00000000d5c80000)
  to   space 512K, 0% used [0x00000000d5b00000,0x00000000d5b00000,0x00000000d5b80000)
 ParOldGen       total 1302016K, used 1301740K [0x0000000080000000, 0x00000000cf780000, 0x00000000d5580000)
  object space 1302016K, 99% used [0x0000000080000000,0x00000000cf73b0d0,0x00000000cf780000)
 Metaspace       used 88994K, committed 90688K, reserved 1179648K
  class space    used 9168K, committed 9920K, reserved 1048576K
}
Event: 6696.813 GC heap before
{Heap before GC invocations=2079 (full 4):
 PSYoungGen      total 6144K, used 5818K [0x00000000d5580000, 0x00000000d5c80000, 0x0000000100000000)
  eden space 5632K, 99% used [0x00000000d5580000,0x00000000d5afffa8,0x00000000d5b00000)
  from space 512K, 36% used [0x00000000d5c00000,0x00000000d5c2e900,0x00000000d5c80000)
  to   space 512K, 0% used [0x00000000d5b00000,0x00000000d5b00000,0x00000000d5b80000)
 ParOldGen       total 1302016K, used 1301740K [0x0000000080000000, 0x00000000cf780000, 0x00000000d5580000)
  object space 1302016K, 99% used [0x0000000080000000,0x00000000cf73b0d0,0x00000000cf780000)
 Metaspace       used 88994K, committed 90688K, reserved 1179648K
  class space    used 9168K, committed 9920K, reserved 1048576K
}
Event: 6696.820 GC heap after
{Heap after GC invocations=2079 (full 4):
 PSYoungGen      total 6144K, used 495K [0x00000000d5580000, 0x00000000d6280000, 0x0000000100000000)
  eden space 5632K, 0% used [0x00000000d5580000,0x00000000d5580000,0x00000000d5b00000)
  from space 512K, 96% used [0x00000000d5b00000,0x00000000d5b7be40,0x00000000d5b80000)
  to   space 3072K, 0% used [0x00000000d5f80000,0x00000000d5f80000,0x00000000d6280000)
 ParOldGen       total 1304064K, used 1303616K [0x0000000080000000, 0x00000000cf980000, 0x00000000d5580000)
  object space 1304064K, 99% used [0x0000000080000000,0x00000000cf9102d0,0x00000000cf980000)
 Metaspace       used 88994K, committed 90688K, reserved 1179648K
  class space    used 9168K, committed 9920K, reserved 1048576K
}
Event: 6701.374 GC heap before
{Heap before GC invocations=2080 (full 4):
 PSYoungGen      total 6144K, used 6127K [0x00000000d5580000, 0x00000000d6280000, 0x0000000100000000)
  eden space 5632K, 100% used [0x00000000d5580000,0x00000000d5b00000,0x00000000d5b00000)
  from space 512K, 96% used [0x00000000d5b00000,0x00000000d5b7be40,0x00000000d5b80000)
  to   space 3072K, 0% used [0x00000000d5f80000,0x00000000d5f80000,0x00000000d6280000)
 ParOldGen       total 1304064K, used 1303616K [0x0000000080000000, 0x00000000cf980000, 0x00000000d5580000)
  object space 1304064K, 99% used [0x0000000080000000,0x00000000cf9102d0,0x00000000cf980000)
 Metaspace       used 89000K, committed 90688K, reserved 1179648K
  class space    used 9168K, committed 9920K, reserved 1048576K
}
Event: 6701.380 GC heap after
{Heap after GC invocations=2080 (full 4):
 PSYoungGen      total 6144K, used 128K [0x00000000d5580000, 0x00000000d6000000, 0x0000000100000000)
  eden space 5632K, 0% used [0x00000000d5580000,0x00000000d5580000,0x00000000d5b00000)
  from space 512K, 25% used [0x00000000d5f80000,0x00000000d5fa0000,0x00000000d6000000)
  to   space 1024K, 0% used [0x00000000d5e00000,0x00000000d5e00000,0x00000000d5f00000)
 ParOldGen       total 1304064K, used 1303712K [0x0000000080000000, 0x00000000cf980000, 0x00000000d5580000)
  object space 1304064K, 99% used [0x0000000080000000,0x00000000cf9282d0,0x00000000cf980000)
 Metaspace       used 89000K, committed 90688K, reserved 1179648K
  class space    used 9168K, committed 9920K, reserved 1048576K
}
Event: 6701.610 GC heap before
{Heap before GC invocations=2081 (full 4):
 PSYoungGen      total 6144K, used 5760K [0x00000000d5580000, 0x00000000d6000000, 0x0000000100000000)
  eden space 5632K, 100% used [0x00000000d5580000,0x00000000d5b00000,0x00000000d5b00000)
  from space 512K, 25% used [0x00000000d5f80000,0x00000000d5fa0000,0x00000000d6000000)
  to   space 1024K, 0% used [0x00000000d5e00000,0x00000000d5e00000,0x00000000d5f00000)
 ParOldGen       total 1304064K, used 1303712K [0x0000000080000000, 0x00000000cf980000, 0x00000000d5580000)
  object space 1304064K, 99% used [0x0000000080000000,0x00000000cf9282d0,0x00000000cf980000)
 Metaspace       used 89000K, committed 90688K, reserved 1179648K
  class space    used 9168K, committed 9920K, reserved 1048576K
}
Event: 6701.614 GC heap after
{Heap after GC invocations=2081 (full 4):
 PSYoungGen      total 6656K, used 500K [0x00000000d5580000, 0x00000000d6000000, 0x0000000100000000)
  eden space 5632K, 0% used [0x00000000d5580000,0x00000000d5580000,0x00000000d5b00000)
  from space 1024K, 48% used [0x00000000d5e00000,0x00000000d5e7d200,0x00000000d5f00000)
  to   space 1024K, 0% used [0x00000000d5f00000,0x00000000d5f00000,0x00000000d6000000)
 ParOldGen       total 1304064K, used 1303744K [0x0000000080000000, 0x00000000cf980000, 0x00000000d5580000)
  object space 1304064K, 99% used [0x0000000080000000,0x00000000cf9302d0,0x00000000cf980000)
 Metaspace       used 89000K, committed 90688K, reserved 1179648K
  class space    used 9168K, committed 9920K, reserved 1048576K
}
Event: 6701.711 GC heap before
{Heap before GC invocations=2082 (full 4):
 PSYoungGen      total 6656K, used 6132K [0x00000000d5580000, 0x00000000d6000000, 0x0000000100000000)
  eden space 5632K, 100% used [0x00000000d5580000,0x00000000d5b00000,0x00000000d5b00000)
  from space 1024K, 48% used [0x00000000d5e00000,0x00000000d5e7d200,0x00000000d5f00000)
  to   space 1024K, 0% used [0x00000000d5f00000,0x00000000d5f00000,0x00000000d6000000)
 ParOldGen       total 1304064K, used 1303744K [0x0000000080000000, 0x00000000cf980000, 0x00000000d5580000)
  object space 1304064K, 99% used [0x0000000080000000,0x00000000cf9302d0,0x00000000cf980000)
 Metaspace       used 89003K, committed 90688K, reserved 1179648K
  class space    used 9168K, committed 9920K, reserved 1048576K
}
Event: 6701.715 GC heap after
{Heap after GC invocations=2082 (full 4):
 PSYoungGen      total 6656K, used 532K [0x00000000d5580000, 0x00000000d6000000, 0x0000000100000000)
  eden space 5632K, 0% used [0x00000000d5580000,0x00000000d5580000,0x00000000d5b00000)
  from space 1024K, 52% used [0x00000000d5f00000,0x00000000d5f85200,0x00000000d6000000)
  to   space 1024K, 0% used [0x00000000d5e00000,0x00000000d5e00000,0x00000000d5f00000)
 ParOldGen       total 1304576K, used 1304173K [0x0000000080000000, 0x00000000cfa00000, 0x00000000d5580000)
  object space 1304576K, 99% used [0x0000000080000000,0x00000000cf99b4e0,0x00000000cfa00000)
 Metaspace       used 89003K, committed 90688K, reserved 1179648K
  class space    used 9168K, committed 9920K, reserved 1048576K
}
Event: 6701.799 GC heap before
{Heap before GC invocations=2083 (full 4):
 PSYoungGen      total 6656K, used 6164K [0x00000000d5580000, 0x00000000d6000000, 0x0000000100000000)
  eden space 5632K, 99% used [0x00000000d5580000,0x00000000d5affff0,0x00000000d5b00000)
  from space 1024K, 52% used [0x00000000d5f00000,0x00000000d5f85200,0x00000000d6000000)
  to   space 1024K, 0% used [0x00000000d5e00000,0x00000000d5e00000,0x00000000d5f00000)
 ParOldGen       total 1304576K, used 1304173K [0x0000000080000000, 0x00000000cfa00000, 0x00000000d5580000)
  object space 1304576K, 99% used [0x0000000080000000,0x00000000cf99b4e0,0x00000000cfa00000)
 Metaspace       used 89003K, committed 90688K, reserved 1179648K
  class space    used 9168K, committed 9920K, reserved 1048576K
}
Event: 6701.806 GC heap after
{Heap after GC invocations=2083 (full 4):
 PSYoungGen      total 6656K, used 196K [0x00000000d5580000, 0x00000000d5f80000, 0x0000000100000000)
  eden space 5632K, 0% used [0x00000000d5580000,0x00000000d5580000,0x00000000d5b00000)
  from space 1024K, 19% used [0x00000000d5e00000,0x00000000d5e31210,0x00000000d5f00000)
  to   space 512K, 0% used [0x00000000d5f00000,0x00000000d5f00000,0x00000000d5f80000)
 ParOldGen       total 1304576K, used 1304197K [0x0000000080000000, 0x00000000cfa00000, 0x00000000d5580000)
  object space 1304576K, 99% used [0x0000000080000000,0x00000000cf9a14e0,0x00000000cfa00000)
 Metaspace       used 89003K, committed 90688K, reserved 1179648K
  class space    used 9168K, committed 9920K, reserved 1048576K
}
Event: 6717.800 GC heap before
{Heap before GC invocations=2084 (full 4):
 PSYoungGen      total 6656K, used 5828K [0x00000000d5580000, 0x00000000d5f80000, 0x0000000100000000)
  eden space 5632K, 100% used [0x00000000d5580000,0x00000000d5b00000,0x00000000d5b00000)
  from space 1024K, 19% used [0x00000000d5e00000,0x00000000d5e31210,0x00000000d5f00000)
  to   space 512K, 0% used [0x00000000d5f00000,0x00000000d5f00000,0x00000000d5f80000)
 ParOldGen       total 1304576K, used 1304197K [0x0000000080000000, 0x00000000cfa00000, 0x00000000d5580000)
  object space 1304576K, 99% used [0x0000000080000000,0x00000000cf9a14e0,0x00000000cfa00000)
 Metaspace       used 89013K, committed 90688K, reserved 1179648K
  class space    used 9168K, committed 9920K, reserved 1048576K
}
Event: 6717.807 GC heap after
{Heap after GC invocations=2084 (full 4):
 PSYoungGen      total 6144K, used 128K [0x00000000d5580000, 0x00000000d5f80000, 0x0000000100000000)
  eden space 5632K, 0% used [0x00000000d5580000,0x00000000d5580000,0x00000000d5b00000)
  from space 512K, 25% used [0x00000000d5f00000,0x00000000d5f20000,0x00000000d5f80000)
  to   space 512K, 0% used [0x00000000d5e80000,0x00000000d5e80000,0x00000000d5f00000)
 ParOldGen       total 1304576K, used 1304213K [0x0000000080000000, 0x00000000cfa00000, 0x00000000d5580000)
  object space 1304576K, 99% used [0x0000000080000000,0x00000000cf9a54e0,0x00000000cfa00000)
 Metaspace       used 89013K, committed 90688K, reserved 1179648K
  class space    used 9168K, committed 9920K, reserved 1048576K
}
Event: 6732.260 GC heap before
{Heap before GC invocations=2085 (full 4):
 PSYoungGen      total 6144K, used 5760K [0x00000000d5580000, 0x00000000d5f80000, 0x0000000100000000)
  eden space 5632K, 100% used [0x00000000d5580000,0x00000000d5b00000,0x00000000d5b00000)
  from space 512K, 25% used [0x00000000d5f00000,0x00000000d5f20000,0x00000000d5f80000)
  to   space 512K, 0% used [0x00000000d5e80000,0x00000000d5e80000,0x00000000d5f00000)
 ParOldGen       total 1304576K, used 1304213K [0x0000000080000000, 0x00000000cfa00000, 0x00000000d5580000)
  object space 1304576K, 99% used [0x0000000080000000,0x00000000cf9a54e0,0x00000000cfa00000)
 Metaspace       used 89030K, committed 90688K, reserved 1179648K
  class space    used 9169K, committed 9920K, reserved 1048576K
}
Event: 6732.271 GC heap after
{Heap after GC invocations=2085 (full 4):
 PSYoungGen      total 6144K, used 320K [0x00000000d5580000, 0x00000000d5f80000, 0x0000000100000000)
  eden space 5632K, 0% used [0x00000000d5580000,0x00000000d5580000,0x00000000d5b00000)
  from space 512K, 62% used [0x00000000d5e80000,0x00000000d5ed0040,0x00000000d5f00000)
  to   space 512K, 0% used [0x00000000d5f00000,0x00000000d5f00000,0x00000000d5f80000)
 ParOldGen       total 1304576K, used 1304253K [0x0000000080000000, 0x00000000cfa00000, 0x00000000d5580000)
  object space 1304576K, 99% used [0x0000000080000000,0x00000000cf9af4f0,0x00000000cfa00000)
 Metaspace       used 89030K, committed 90688K, reserved 1179648K
  class space    used 9169K, committed 9920K, reserved 1048576K
}
Event: 6763.558 GC heap before
{Heap before GC invocations=2086 (full 4):
 PSYoungGen      total 6144K, used 5951K [0x00000000d5580000, 0x00000000d5f80000, 0x0000000100000000)
  eden space 5632K, 99% used [0x00000000d5580000,0x00000000d5afffa8,0x00000000d5b00000)
  from space 512K, 62% used [0x00000000d5e80000,0x00000000d5ed0040,0x00000000d5f00000)
  to   space 512K, 0% used [0x00000000d5f00000,0x00000000d5f00000,0x00000000d5f80000)
 ParOldGen       total 1304576K, used 1304253K [0x0000000080000000, 0x00000000cfa00000, 0x00000000d5580000)
  object space 1304576K, 99% used [0x0000000080000000,0x00000000cf9af4f0,0x00000000cfa00000)
 Metaspace       used 89063K, committed 90752K, reserved 1179648K
  class space    used 9175K, committed 9920K, reserved 1048576K
}
Event: 6763.567 GC heap after
{Heap after GC invocations=2086 (full 4):
 PSYoungGen      total 6144K, used 256K [0x00000000d5580000, 0x00000000d5f80000, 0x0000000100000000)
  eden space 5632K, 0% used [0x00000000d5580000,0x00000000d5580000,0x00000000d5b00000)
  from space 512K, 50% used [0x00000000d5f00000,0x00000000d5f40030,0x00000000d5f80000)
  to   space 512K, 0% used [0x00000000d5e80000,0x00000000d5e80000,0x00000000d5f00000)
 ParOldGen       total 1304576K, used 1304485K [0x0000000080000000, 0x00000000cfa00000, 0x00000000d5580000)
  object space 1304576K, 99% used [0x0000000080000000,0x00000000cf9e95c0,0x00000000cfa00000)
 Metaspace       used 89063K, committed 90752K, reserved 1179648K
  class space    used 9175K, committed 9920K, reserved 1048576K
}

