# JRE version: OpenJDK Runtime Environment Temurin-21.0.8+9 (21.0.8+9) (build 21.0.8+9-LTS)
# Java VM: OpenJDK 64-Bit Server VM Temurin-21.0.8+9 (21.0.8+9-LTS, mixed mode, sharing, tiered, compressed oops, compressed class ptrs, parallel gc, windows-amd64)
GC Precious Log:
 CardTable entry size: 512
 CPUs: 4 total, 4 available
 Memory: 8061M
 Large Page Support: Disabled
 NUMA Support: Disabled
 Compressed Oops: Enabled (32-bit)
 Alignments: Space 512K, Generation 512K, Heap 2M
 Heap Min Capacity: 100M
 Heap Initial Capacity: 100M
 Heap Max Capacity: 2G
 Pre-touch: Disabled
 Parallel Workers: 4
Heap:
 PSYoungGen      total 17920K, used 10462K [0x00000000d5580000, 0x00000000d6880000, 0x0000000100000000)
  eden space 17408K, 57% used [0x00000000d5580000,0x00000000d5f3f8f8,0x00000000d6680000)
  from space 512K, 93% used [0x00000000d6800000,0x00000000d6878010,0x00000000d6880000)
  to   space 1024K, 0% used [0x00000000d6680000,0x00000000d6680000,0x00000000d6780000)
 ParOldGen       total 68608K, used 57354K [0x0000000080000000, 0x0000000084300000, 0x00000000d5580000)
  object space 68608K, 83% used [0x0000000080000000,0x0000000083802918,0x0000000084300000)
 Metaspace       used 55080K, committed 56256K, reserved 1114112K
  class space    used 6318K, committed 6848K, reserved 1048576K
GC Heap History (20 events):
Event: 88.997 GC heap before
{Heap before GC invocations=27 (full 2):
 PSYoungGen      total 19456K, used 19044K [0x00000000d5580000, 0x00000000d6b00000, 0x0000000100000000)
  eden space 17408K, 100% used [0x00000000d5580000,0x00000000d6680000,0x00000000d6680000)
  from space 2048K, 79% used [0x00000000d6900000,0x00000000d6a99000,0x00000000d6b00000)
  to   space 2048K, 0% used [0x00000000d6680000,0x00000000d6680000,0x00000000d6880000)
 ParOldGen       total 68608K, used 36479K [0x0000000080000000, 0x0000000084300000, 0x00000000d5580000)
  object space 68608K, 53% used [0x0000000080000000,0x000000008239fec8,0x0000000084300000)
 Metaspace       used 48450K, committed 49664K, reserved 1114112K
  class space    used 5226K, committed 5760K, reserved 1048576K
}
Event: 89.004 GC heap after
{Heap after GC invocations=27 (full 2):
 PSYoungGen      total 19456K, used 1536K [0x00000000d5580000, 0x00000000d6a80000, 0x0000000100000000)
  eden space 17408K, 0% used [0x00000000d5580000,0x00000000d5580000,0x00000000d6680000)
  from space 2048K, 75% used [0x00000000d6680000,0x00000000d6800000,0x00000000d6880000)
  to   space 2048K, 0% used [0x00000000d6880000,0x00000000d6880000,0x00000000d6a80000)
 ParOldGen       total 68608K, used 38047K [0x0000000080000000, 0x0000000084300000, 0x00000000d5580000)
  object space 68608K, 55% used [0x0000000080000000,0x0000000082527fc8,0x0000000084300000)
 Metaspace       used 48450K, committed 49664K, reserved 1114112K
  class space    used 5226K, committed 5760K, reserved 1048576K
}
Event: 89.635 GC heap before
{Heap before GC invocations=28 (full 2):
 PSYoungGen      total 19456K, used 18944K [0x00000000d5580000, 0x00000000d6a80000, 0x0000000100000000)
  eden space 17408K, 100% used [0x00000000d5580000,0x00000000d6680000,0x00000000d6680000)
  from space 2048K, 75% used [0x00000000d6680000,0x00000000d6800000,0x00000000d6880000)
  to   space 2048K, 0% used [0x00000000d6880000,0x00000000d6880000,0x00000000d6a80000)
 ParOldGen       total 68608K, used 38047K [0x0000000080000000, 0x0000000084300000, 0x00000000d5580000)
  object space 68608K, 55% used [0x0000000080000000,0x0000000082527fc8,0x0000000084300000)
 Metaspace       used 48484K, committed 49664K, reserved 1114112K
  class space    used 5229K, committed 5760K, reserved 1048576K
}
Event: 89.640 GC heap after
{Heap after GC invocations=28 (full 2):
 PSYoungGen      total 19456K, used 1792K [0x00000000d5580000, 0x00000000d6a80000, 0x0000000100000000)
  eden space 17408K, 0% used [0x00000000d5580000,0x00000000d5580000,0x00000000d6680000)
  from space 2048K, 87% used [0x00000000d6880000,0x00000000d6a40010,0x00000000d6a80000)
  to   space 2048K, 0% used [0x00000000d6680000,0x00000000d6680000,0x00000000d6880000)
 ParOldGen       total 68608K, used 39455K [0x0000000080000000, 0x0000000084300000, 0x00000000d5580000)
  object space 68608K, 57% used [0x0000000080000000,0x0000000082687fc8,0x0000000084300000)
 Metaspace       used 48484K, committed 49664K, reserved 1114112K
  class space    used 5229K, committed 5760K, reserved 1048576K
}
Event: 89.970 GC heap before
{Heap before GC invocations=29 (full 2):
 PSYoungGen      total 19456K, used 19200K [0x00000000d5580000, 0x00000000d6a80000, 0x0000000100000000)
  eden space 17408K, 100% used [0x00000000d5580000,0x00000000d6680000,0x00000000d6680000)
  from space 2048K, 87% used [0x00000000d6880000,0x00000000d6a40010,0x00000000d6a80000)
  to   space 2048K, 0% used [0x00000000d6680000,0x00000000d6680000,0x00000000d6880000)
 ParOldGen       total 68608K, used 39455K [0x0000000080000000, 0x0000000084300000, 0x00000000d5580000)
  object space 68608K, 57% used [0x0000000080000000,0x0000000082687fc8,0x0000000084300000)
 Metaspace       used 48505K, committed 49664K, reserved 1114112K
  class space    used 5229K, committed 5760K, reserved 1048576K
}
Event: 89.974 GC heap after
{Heap after GC invocations=29 (full 2):
 PSYoungGen      total 19456K, used 1496K [0x00000000d5580000, 0x00000000d6a80000, 0x0000000100000000)
  eden space 17408K, 0% used [0x00000000d5580000,0x00000000d5580000,0x00000000d6680000)
  from space 2048K, 73% used [0x00000000d6680000,0x00000000d67f6200,0x00000000d6880000)
  to   space 2048K, 0% used [0x00000000d6880000,0x00000000d6880000,0x00000000d6a80000)
 ParOldGen       total 68608K, used 41183K [0x0000000080000000, 0x0000000084300000, 0x00000000d5580000)
  object space 68608K, 60% used [0x0000000080000000,0x0000000082837fd8,0x0000000084300000)
 Metaspace       used 48505K, committed 49664K, reserved 1114112K
  class space    used 5229K, committed 5760K, reserved 1048576K
}
Event: 91.638 GC heap before
{Heap before GC invocations=30 (full 2):
 PSYoungGen      total 19456K, used 18904K [0x00000000d5580000, 0x00000000d6a80000, 0x0000000100000000)
  eden space 17408K, 100% used [0x00000000d5580000,0x00000000d6680000,0x00000000d6680000)
  from space 2048K, 73% used [0x00000000d6680000,0x00000000d67f6200,0x00000000d6880000)
  to   space 2048K, 0% used [0x00000000d6880000,0x00000000d6880000,0x00000000d6a80000)
 ParOldGen       total 68608K, used 41183K [0x0000000080000000, 0x0000000084300000, 0x00000000d5580000)
  object space 68608K, 60% used [0x0000000080000000,0x0000000082837fd8,0x0000000084300000)
 Metaspace       used 48814K, committed 49920K, reserved 1114112K
  class space    used 5259K, committed 5760K, reserved 1048576K
}
Event: 91.648 GC heap after
{Heap after GC invocations=30 (full 2):
 PSYoungGen      total 18432K, used 768K [0x00000000d5580000, 0x00000000d6980000, 0x0000000100000000)
  eden space 17408K, 0% used [0x00000000d5580000,0x00000000d5580000,0x00000000d6680000)
  from space 1024K, 75% used [0x00000000d6880000,0x00000000d6940000,0x00000000d6980000)
  to   space 1536K, 0% used [0x00000000d6680000,0x00000000d6680000,0x00000000d6800000)
 ParOldGen       total 68608K, used 42632K [0x0000000080000000, 0x0000000084300000, 0x00000000d5580000)
  object space 68608K, 62% used [0x0000000080000000,0x00000000829a21d8,0x0000000084300000)
 Metaspace       used 48814K, committed 49920K, reserved 1114112K
  class space    used 5259K, committed 5760K, reserved 1048576K
}
Event: 92.583 GC heap before
{Heap before GC invocations=31 (full 2):
 PSYoungGen      total 18432K, used 17951K [0x00000000d5580000, 0x00000000d6980000, 0x0000000100000000)
  eden space 17408K, 98% used [0x00000000d5580000,0x00000000d6647fc0,0x00000000d6680000)
  from space 1024K, 75% used [0x00000000d6880000,0x00000000d6940000,0x00000000d6980000)
  to   space 1536K, 0% used [0x00000000d6680000,0x00000000d6680000,0x00000000d6800000)
 ParOldGen       total 68608K, used 43413K [0x0000000080000000, 0x0000000084300000, 0x00000000d5580000)
  object space 68608K, 63% used [0x0000000080000000,0x0000000082a656e8,0x0000000084300000)
 Metaspace       used 50314K, committed 51456K, reserved 1114112K
  class space    used 5506K, committed 6016K, reserved 1048576K
}
Event: 92.587 GC heap after
{Heap after GC invocations=31 (full 2):
 PSYoungGen      total 18944K, used 384K [0x00000000d5580000, 0x00000000d6900000, 0x0000000100000000)
  eden space 17408K, 0% used [0x00000000d5580000,0x00000000d5580000,0x00000000d6680000)
  from space 1536K, 25% used [0x00000000d6680000,0x00000000d66e0000,0x00000000d6800000)
  to   space 1024K, 0% used [0x00000000d6800000,0x00000000d6800000,0x00000000d6900000)
 ParOldGen       total 68608K, used 44141K [0x0000000080000000, 0x0000000084300000, 0x00000000d5580000)
  object space 68608K, 64% used [0x0000000080000000,0x0000000082b1b6e8,0x0000000084300000)
 Metaspace       used 50314K, committed 51456K, reserved 1114112K
  class space    used 5506K, committed 6016K, reserved 1048576K
}
Event: 94.075 GC heap before
{Heap before GC invocations=32 (full 2):
 PSYoungGen      total 18944K, used 17792K [0x00000000d5580000, 0x00000000d6900000, 0x0000000100000000)
  eden space 17408K, 100% used [0x00000000d5580000,0x00000000d6680000,0x00000000d6680000)
  from space 1536K, 25% used [0x00000000d6680000,0x00000000d66e0000,0x00000000d6800000)
  to   space 1024K, 0% used [0x00000000d6800000,0x00000000d6800000,0x00000000d6900000)
 ParOldGen       total 68608K, used 44147K [0x0000000080000000, 0x0000000084300000, 0x00000000d5580000)
  object space 68608K, 64% used [0x0000000080000000,0x0000000082b1cf40,0x0000000084300000)
 Metaspace       used 51227K, committed 52352K, reserved 1114112K
  class space    used 5656K, committed 6144K, reserved 1048576K
}
Event: 94.115 GC heap after
{Heap after GC invocations=32 (full 2):
 PSYoungGen      total 18432K, used 1022K [0x00000000d5580000, 0x00000000d6900000, 0x0000000100000000)
  eden space 17408K, 0% used [0x00000000d5580000,0x00000000d5580000,0x00000000d6680000)
  from space 1024K, 99% used [0x00000000d6800000,0x00000000d68ffb68,0x00000000d6900000)
  to   space 1536K, 0% used [0x00000000d6680000,0x00000000d6680000,0x00000000d6800000)
 ParOldGen       total 68608K, used 51453K [0x0000000080000000, 0x0000000084300000, 0x00000000d5580000)
  object space 68608K, 74% used [0x0000000080000000,0x000000008323f4f0,0x0000000084300000)
 Metaspace       used 51227K, committed 52352K, reserved 1114112K
  class space    used 5656K, committed 6144K, reserved 1048576K
}
Event: 95.247 GC heap before
{Heap before GC invocations=33 (full 2):
 PSYoungGen      total 18432K, used 18430K [0x00000000d5580000, 0x00000000d6900000, 0x0000000100000000)
  eden space 17408K, 100% used [0x00000000d5580000,0x00000000d6680000,0x00000000d6680000)
  from space 1024K, 99% used [0x00000000d6800000,0x00000000d68ffb68,0x00000000d6900000)
  to   space 1536K, 0% used [0x00000000d6680000,0x00000000d6680000,0x00000000d6800000)
 ParOldGen       total 68608K, used 51453K [0x0000000080000000, 0x0000000084300000, 0x00000000d5580000)
  object space 68608K, 74% used [0x0000000080000000,0x000000008323f4f0,0x0000000084300000)
 Metaspace       used 52659K, committed 53824K, reserved 1114112K
  class space    used 5913K, committed 6464K, reserved 1048576K
}
Event: 95.267 GC heap after
{Heap after GC invocations=33 (full 2):
 PSYoungGen      total 18944K, used 576K [0x00000000d5580000, 0x00000000d6900000, 0x0000000100000000)
  eden space 17408K, 0% used [0x00000000d5580000,0x00000000d5580000,0x00000000d6680000)
  from space 1536K, 37% used [0x00000000d6680000,0x00000000d6710000,0x00000000d6800000)
  to   space 1024K, 0% used [0x00000000d6800000,0x00000000d6800000,0x00000000d6900000)
 ParOldGen       total 68608K, used 52447K [0x0000000080000000, 0x0000000084300000, 0x00000000d5580000)
  object space 68608K, 76% used [0x0000000080000000,0x0000000083337c48,0x0000000084300000)
 Metaspace       used 52659K, committed 53824K, reserved 1114112K
  class space    used 5913K, committed 6464K, reserved 1048576K
}
Event: 96.237 GC heap before
{Heap before GC invocations=34 (full 2):
 PSYoungGen      total 18944K, used 17984K [0x00000000d5580000, 0x00000000d6900000, 0x0000000100000000)
  eden space 17408K, 100% used [0x00000000d5580000,0x00000000d6680000,0x00000000d6680000)
  from space 1536K, 37% used [0x00000000d6680000,0x00000000d6710000,0x00000000d6800000)
  to   space 1024K, 0% used [0x00000000d6800000,0x00000000d6800000,0x00000000d6900000)
 ParOldGen       total 68608K, used 52447K [0x0000000080000000, 0x0000000084300000, 0x00000000d5580000)
  object space 68608K, 76% used [0x0000000080000000,0x0000000083337c48,0x0000000084300000)
 Metaspace       used 52999K, committed 54144K, reserved 1114112K
  class space    used 5953K, committed 6464K, reserved 1048576K
}
Event: 96.239 GC heap after
{Heap after GC invocations=34 (full 2):
 PSYoungGen      total 17920K, used 416K [0x00000000d5580000, 0x00000000d6880000, 0x0000000100000000)
  eden space 17408K, 0% used [0x00000000d5580000,0x00000000d5580000,0x00000000d6680000)
  from space 512K, 81% used [0x00000000d6800000,0x00000000d6868000,0x00000000d6880000)
  to   space 1024K, 0% used [0x00000000d6680000,0x00000000d6680000,0x00000000d6780000)
 ParOldGen       total 68608K, used 52963K [0x0000000080000000, 0x0000000084300000, 0x00000000d5580000)
  object space 68608K, 77% used [0x0000000080000000,0x00000000833b8c68,0x0000000084300000)
 Metaspace       used 52999K, committed 54144K, reserved 1114112K
  class space    used 5953K, committed 6464K, reserved 1048576K
}
Event: 96.972 GC heap before
{Heap before GC invocations=35 (full 2):
 PSYoungGen      total 17920K, used 17824K [0x00000000d5580000, 0x00000000d6880000, 0x0000000100000000)
  eden space 17408K, 100% used [0x00000000d5580000,0x00000000d6680000,0x00000000d6680000)
  from space 512K, 81% used [0x00000000d6800000,0x00000000d6868000,0x00000000d6880000)
  to   space 1024K, 0% used [0x00000000d6680000,0x00000000d6680000,0x00000000d6780000)
 ParOldGen       total 68608K, used 52963K [0x0000000080000000, 0x0000000084300000, 0x00000000d5580000)
  object space 68608K, 77% used [0x0000000080000000,0x00000000833b8c68,0x0000000084300000)
 Metaspace       used 53019K, committed 54144K, reserved 1114112K
  class space    used 5954K, committed 6464K, reserved 1048576K
}
Event: 97.148 GC heap after
{Heap after GC invocations=35 (full 2):
 PSYoungGen      total 18432K, used 1021K [0x00000000d5580000, 0x00000000d6880000, 0x0000000100000000)
  eden space 17408K, 0% used [0x00000000d5580000,0x00000000d5580000,0x00000000d6680000)
  from space 1024K, 99% used [0x00000000d6680000,0x00000000d677f6d0,0x00000000d6780000)
  to   space 512K, 0% used [0x00000000d6800000,0x00000000d6800000,0x00000000d6880000)
 ParOldGen       total 68608K, used 56210K [0x0000000080000000, 0x0000000084300000, 0x00000000d5580000)
  object space 68608K, 81% used [0x0000000080000000,0x00000000836e4880,0x0000000084300000)
 Metaspace       used 53019K, committed 54144K, reserved 1114112K
  class space    used 5954K, committed 6464K, reserved 1048576K
}
Event: 97.910 GC heap before
{Heap before GC invocations=36 (full 2):
 PSYoungGen      total 18432K, used 18429K [0x00000000d5580000, 0x00000000d6880000, 0x0000000100000000)
  eden space 17408K, 100% used [0x00000000d5580000,0x00000000d6680000,0x00000000d6680000)
  from space 1024K, 99% used [0x00000000d6680000,0x00000000d677f6d0,0x00000000d6780000)
  to   space 512K, 0% used [0x00000000d6800000,0x00000000d6800000,0x00000000d6880000)
 ParOldGen       total 68608K, used 56210K [0x0000000080000000, 0x0000000084300000, 0x00000000d5580000)
  object space 68608K, 81% used [0x0000000080000000,0x00000000836e4880,0x0000000084300000)
 Metaspace       used 53965K, committed 55104K, reserved 1114112K
  class space    used 6143K, committed 6656K, reserved 1048576K
}
Event: 97.927 GC heap after
{Heap after GC invocations=36 (full 2):
 PSYoungGen      total 17920K, used 480K [0x00000000d5580000, 0x00000000d6880000, 0x0000000100000000)
  eden space 17408K, 0% used [0x00000000d5580000,0x00000000d5580000,0x00000000d6680000)
  from space 512K, 93% used [0x00000000d6800000,0x00000000d6878010,0x00000000d6880000)
  to   space 1024K, 0% used [0x00000000d6680000,0x00000000d6680000,0x00000000d6780000)
 ParOldGen       total 68608K, used 57354K [0x0000000080000000, 0x0000000084300000, 0x00000000d5580000)
  object space 68608K, 83% used [0x0000000080000000,0x0000000083802918,0x0000000084300000)
 Metaspace       used 53965K, committed 55104K, reserved 1114112K
  class space    used 6143K, committed 6656K, reserved 1048576K
}

