[{"line":1,"elements":[{"line":3,"name":"","description":"","type":"background","keyword":"Background","steps":[{"result":{"duration":14400871700,"status":"passed"},"line":4,"name":"the user launches Catalyst web site","match":{"location":"stepdefinitions.IndexSteps.the_user_launches_catalyst_web_site()"},"keyword":"Given "},{"result":{"duration":1543584400,"status":"passed"},"line":5,"name":"the XPath repository for \"Index\" is loaded","match":{"arguments":[{"val":"\"Index\"","offset":25}],"location":"stepdefinitions.IndexSteps.the_x_path_repository_for_is_loaded(java.lang.String)"},"keyword":"And "}]},{"start_timestamp":"2025-11-13T02:39:58.525Z","before":[{"result":{"duration":327285800,"status":"passed"},"match":{"location":"hooks.Hooks.setupReport()"}},{"result":{"duration":9054700,"status":"passed"},"match":{"location":"hooks.Hooks.createTest(io.cucumber.java.Scenario)"}}],"line":13,"name":"Interact with homepage element and validate result","description":"","id":"validate-catalyst-homepage-using-semantic-keys;interact-with-homepage-element-and-validate-result;;2","after":[{"result":{"duration":1114060100,"status":"passed"},"match":{"location":"hooks.Hooks.tearDownReport(io.cucumber.java.Scenario)"}},{"result":{"duration":3094977000,"status":"passed"},"match":{"location":"hooks.Hooks.tearDownDriver()"}}],"type":"scenario","keyword":"Scenario Outline","steps":[{"result":{"duration":1186344300,"status":"passed"},"line":8,"name":"the user interacts with \"HomeLogoLink\"","match":{"arguments":[{"val":"\"HomeLogoLink\"","offset":24}],"location":"stepdefinitions.IndexSteps.the_user_interacts_with(java.lang.String)"},"keyword":"When "},{"result":{"duration":489982400,"status":"passed"},"line":9,"name":"the result of \"HomeLogoLink\" should be validated","match":{"arguments":[{"val":"\"HomeLogoLink\"","offset":14}],"location":"stepdefinitions.IndexSteps.the_result_of_should_be_validated(java.lang.String)"},"keyword":"Then "}]},{"line":3,"name":"","description":"","type":"background","keyword":"Background","steps":[{"result":{"duration":7453413300,"status":"passed"},"line":4,"name":"the user launches Catalyst web site","match":{"location":"stepdefinitions.IndexSteps.the_user_launches_catalyst_web_site()"},"keyword":"Given "},{"result":{"duration":2022900,"status":"passed"},"line":5,"name":"the XPath repository for \"Index\" is loaded","match":{"arguments":[{"val":"\"Index\"","offset":25}],"location":"stepdefinitions.IndexSteps.the_x_path_repository_for_is_loaded(java.lang.String)"},"keyword":"And "}]},{"start_timestamp":"2025-11-13T02:40:20.779Z","before":[{"result":{"duration":2018900,"status":"passed"},"match":{"location":"hooks.Hooks.setupReport()"}},{"result":{"status":"passed"},"match":{"location":"hooks.Hooks.createTest(io.cucumber.java.Scenario)"}}],"line":14,"name":"Interact with homepage element and validate result","description":"","id":"validate-catalyst-homepage-using-semantic-keys;interact-with-homepage-element-and-validate-result;;3","after":[{"result":{"duration":224739900,"status":"passed"},"match":{"location":"hooks.Hooks.tearDownReport(io.cucumber.java.Scenario)"}},{"result":{"duration":3238797000,"status":"passed"},"match":{"location":"hooks.Hooks.tearDownDriver()"}}],"type":"scenario","keyword":"Scenario Outline","steps":[{"result":{"duration":1355341800,"status":"passed"},"line":8,"name":"the user interacts with \"AboutLink\"","match":{"arguments":[{"val":"\"AboutLink\"","offset":24}],"location":"stepdefinitions.IndexSteps.the_user_interacts_with(java.lang.String)"},"keyword":"When "},{"result":{"duration":542700500,"status":"passed"},"line":9,"name":"the result of \"AboutLink\" should be validated","match":{"arguments":[{"val":"\"AboutLink\"","offset":14}],"location":"stepdefinitions.IndexSteps.the_result_of_should_be_validated(java.lang.String)"},"keyword":"Then "}]},{"line":3,"name":"","description":"","type":"background","keyword":"Background","steps":[{"result":{"duration":7853914300,"status":"passed"},"line":4,"name":"the user launches Catalyst web site","match":{"location":"stepdefinitions.IndexSteps.the_user_launches_catalyst_web_site()"},"keyword":"Given "},{"result":{"duration":9092400,"status":"passed"},"line":5,"name":"the XPath repository for \"Index\" is loaded","match":{"arguments":[{"val":"\"Index\"","offset":25}],"location":"stepdefinitions.IndexSteps.the_x_path_repository_for_is_loaded(java.lang.String)"},"keyword":"And "}]},{"start_timestamp":"2025-11-13T02:40:33.628Z","before":[{"result":{"status":"passed"},"match":{"location":"hooks.Hooks.setupReport()"}},{"result":{"status":"passed"},"match":{"location":"hooks.Hooks.createTest(io.cucumber.java.Scenario)"}}],"line":15,"name":"Interact with homepage element and validate result","description":"","id":"validate-catalyst-homepage-using-semantic-keys;interact-with-homepage-element-and-validate-result;;4","after":[{"result":{"duration":208965900,"status":"passed"},"match":{"location":"hooks.Hooks.tearDownReport(io.cucumber.java.Scenario)"}},{"result":{"duration":2468161500,"status":"passed"},"match":{"location":"hooks.Hooks.tearDownDriver()"}}],"type":"scenario","keyword":"Scenario Outline","steps":[{"result":{"duration":1400603500,"status":"passed"},"line":8,"name":"the user interacts with \"ServicesLink\"","match":{"arguments":[{"val":"\"ServicesLink\"","offset":24}],"location":"stepdefinitions.IndexSteps.the_user_interacts_with(java.lang.String)"},"keyword":"When "},{"result":{"duration":257014200,"status":"passed"},"line":9,"name":"the result of \"ServicesLink\" should be validated","match":{"arguments":[{"val":"\"ServicesLink\"","offset":14}],"location":"stepdefinitions.IndexSteps.the_result_of_should_be_validated(java.lang.String)"},"keyword":"Then "}]},{"line":3,"name":"","description":"","type":"background","keyword":"Background","steps":[{"result":{"duration":7402968700,"status":"passed"},"line":4,"name":"the user launches Catalyst web site","match":{"location":"stepdefinitions.IndexSteps.the_user_launches_catalyst_web_site()"},"keyword":"Given "},{"result":{"duration":4037200,"status":"passed"},"line":5,"name":"the XPath repository for \"Index\" is loaded","match":{"arguments":[{"val":"\"Index\"","offset":25}],"location":"stepdefinitions.IndexSteps.the_x_path_repository_for_is_loaded(java.lang.String)"},"keyword":"And "}]},{"start_timestamp":"2025-11-13T02:40:45.849Z","before":[{"result":{"status":"passed"},"match":{"location":"hooks.Hooks.setupReport()"}},{"result":{"status":"passed"},"match":{"location":"hooks.Hooks.createTest(io.cucumber.java.Scenario)"}}],"line":16,"name":"Interact with homepage element and validate result","description":"","id":"validate-catalyst-homepage-using-semantic-keys;interact-with-homepage-element-and-validate-result;;5","after":[{"result":{"duration":148754200,"status":"passed"},"match":{"location":"hooks.Hooks.tearDownReport(io.cucumber.java.Scenario)"}},{"result":{"duration":3487694200,"status":"passed"},"match":{"location":"hooks.Hooks.tearDownDriver()"}}],"type":"scenario","keyword":"Scenario Outline","steps":[{"result":{"duration":741815600,"status":"passed"},"line":8,"name":"the user interacts with \"TestimonialsLink\"","match":{"arguments":[{"val":"\"TestimonialsLink\"","offset":24}],"location":"stepdefinitions.IndexSteps.the_user_interacts_with(java.lang.String)"},"keyword":"When "},{"result":{"duration":185090500,"status":"passed"},"line":9,"name":"the result of \"TestimonialsLink\" should be validated","match":{"arguments":[{"val":"\"TestimonialsLink\"","offset":14}],"location":"stepdefinitions.IndexSteps.the_result_of_should_be_validated(java.lang.String)"},"keyword":"Then "}]},{"line":3,"name":"","description":"","type":"background","keyword":"Background","steps":[{"result":{"duration":8545252700,"status":"passed"},"line":4,"name":"the user launches Catalyst web site","match":{"location":"stepdefinitions.IndexSteps.the_user_launches_catalyst_web_site()"},"keyword":"Given "},{"result":{"status":"passed"},"line":5,"name":"the XPath repository for \"Index\" is loaded","match":{"arguments":[{"val":"\"Index\"","offset":25}],"location":"stepdefinitions.IndexSteps.the_x_path_repository_for_is_loaded(java.lang.String)"},"keyword":"And "}]},{"start_timestamp":"2025-11-13T02:40:57.851Z","before":[{"result":{"status":"passed"},"match":{"location":"hooks.Hooks.setupReport()"}},{"result":{"duration":6083300,"status":"passed"},"match":{"location":"hooks.Hooks.createTest(io.cucumber.java.Scenario)"}}],"line":17,"name":"Interact with homepage element and validate result","description":"","id":"validate-catalyst-homepage-using-semantic-keys;interact-with-homepage-element-and-validate-result;;6","after":[{"result":{"duration":129914900,"status":"passed"},"match":{"location":"hooks.Hooks.tearDownReport(io.cucumber.java.Scenario)"}},{"result":{"duration":3144540700,"status":"passed"},"match":{"location":"hooks.Hooks.tearDownDriver()"}}],"type":"scenario","keyword":"Scenario Outline","steps":[{"result":{"duration":1090023000,"status":"passed"},"line":8,"name":"the user interacts with \"UploadLink\"","match":{"arguments":[{"val":"\"UploadLink\"","offset":24}],"location":"stepdefinitions.IndexSteps.the_user_interacts_with(java.lang.String)"},"keyword":"When "},{"result":{"duration":205825800,"status":"passed"},"line":9,"name":"the result of \"UploadLink\" should be validated","match":{"arguments":[{"val":"\"UploadLink\"","offset":14}],"location":"stepdefinitions.IndexSteps.the_result_of_should_be_validated(java.lang.String)"},"keyword":"Then "}]},{"line":3,"name":"","description":"","type":"background","keyword":"Background","steps":[{"result":{"duration":8623376700,"status":"passed"},"line":4,"name":"the user launches Catalyst web site","match":{"location":"stepdefinitions.IndexSteps.the_user_launches_catalyst_web_site()"},"keyword":"Given "},{"result":{"duration":1002600,"status":"passed"},"line":5,"name":"the XPath repository for \"Index\" is loaded","match":{"arguments":[{"val":"\"Index\"","offset":25}],"location":"stepdefinitions.IndexSteps.the_x_path_repository_for_is_loaded(java.lang.String)"},"keyword":"And "}]},{"start_timestamp":"2025-11-13T02:41:10.998Z","before":[{"result":{"status":"passed"},"match":{"location":"hooks.Hooks.setupReport()"}},{"result":{"status":"passed"},"match":{"location":"hooks.Hooks.createTest(io.cucumber.java.Scenario)"}}],"line":18,"name":"Interact with homepage element and validate result","description":"","id":"validate-catalyst-homepage-using-semantic-keys;interact-with-homepage-element-and-validate-result;;7","after":[{"result":{"duration":134858400,"status":"passed"},"match":{"location":"hooks.Hooks.tearDownReport(io.cucumber.java.Scenario)"}},{"result":{"duration":3512465800,"status":"passed"},"match":{"location":"hooks.Hooks.tearDownDriver()"}}],"type":"scenario","keyword":"Scenario Outline","steps":[{"result":{"duration":897429900,"status":"passed"},"line":8,"name":"the user interacts with \"ContactLink\"","match":{"arguments":[{"val":"\"ContactLink\"","offset":24}],"location":"stepdefinitions.IndexSteps.the_user_interacts_with(java.lang.String)"},"keyword":"When "},{"result":{"duration":186043600,"status":"passed"},"line":9,"name":"the result of \"ContactLink\" should be validated","match":{"arguments":[{"val":"\"ContactLink\"","offset":14}],"location":"stepdefinitions.IndexSteps.the_result_of_should_be_validated(java.lang.String)"},"keyword":"Then "}]},{"line":3,"name":"","description":"","type":"background","keyword":"Background","steps":[{"result":{"duration":9003348500,"status":"passed"},"line":4,"name":"the user launches Catalyst web site","match":{"location":"stepdefinitions.IndexSteps.the_user_launches_catalyst_web_site()"},"keyword":"Given "},{"result":{"duration":3548900,"status":"passed"},"line":5,"name":"the XPath repository for \"Index\" is loaded","match":{"arguments":[{"val":"\"Index\"","offset":25}],"location":"stepdefinitions.IndexSteps.the_x_path_repository_for_is_loaded(java.lang.String)"},"keyword":"And "}]},{"start_timestamp":"2025-11-13T02:41:24.376Z","before":[{"result":{"status":"passed"},"match":{"location":"hooks.Hooks.setupReport()"}},{"result":{"status":"passed"},"match":{"location":"hooks.Hooks.createTest(io.cucumber.java.Scenario)"}}],"line":19,"name":"Interact with homepage element and validate result","description":"","id":"validate-catalyst-homepage-using-semantic-keys;interact-with-homepage-element-and-validate-result;;8","after":[{"result":{"duration":219274400,"status":"passed"},"match":{"location":"hooks.Hooks.tearDownReport(io.cucumber.java.Scenario)"}},{"result":{"duration":3540801500,"status":"passed"},"match":{"location":"hooks.Hooks.tearDownDriver()"}}],"type":"scenario","keyword":"Scenario Outline","steps":[{"result":{"duration":563542300,"status":"passed"},"line":8,"name":"the user interacts with \"PrivacyLink\"","match":{"arguments":[{"val":"\"PrivacyLink\"","offset":24}],"location":"stepdefinitions.IndexSteps.the_user_interacts_with(java.lang.String)"},"keyword":"When "},{"result":{"duration":547450200,"status":"passed"},"line":9,"name":"the result of \"PrivacyLink\" should be validated","match":{"arguments":[{"val":"\"PrivacyLink\"","offset":14}],"location":"stepdefinitions.IndexSteps.the_result_of_should_be_validated(java.lang.String)"},"keyword":"Then "}]},{"line":3,"name":"","description":"","type":"background","keyword":"Background","steps":[{"result":{"duration":8185403000,"status":"passed"},"line":4,"name":"the user launches Catalyst web site","match":{"location":"stepdefinitions.IndexSteps.the_user_launches_catalyst_web_site()"},"keyword":"Given "},{"result":{"duration":2015500,"status":"passed"},"line":5,"name":"the XPath repository for \"Index\" is loaded","match":{"arguments":[{"val":"\"Index\"","offset":25}],"location":"stepdefinitions.IndexSteps.the_x_path_repository_for_is_loaded(java.lang.String)"},"keyword":"And "}]},{"start_timestamp":"2025-11-13T02:41:38.285Z","before":[{"result":{"duration":2030300,"status":"passed"},"match":{"location":"hooks.Hooks.setupReport()"}},{"result":{"duration":1022700,"status":"passed"},"match":{"location":"hooks.Hooks.createTest(io.cucumber.java.Scenario)"}}],"line":20,"name":"Interact with homepage element and validate result","description":"","id":"validate-catalyst-homepage-using-semantic-keys;interact-with-homepage-element-and-validate-result;;9","after":[{"result":{"duration":194435300,"status":"passed"},"match":{"location":"hooks.Hooks.tearDownReport(io.cucumber.java.Scenario)"}},{"result":{"duration":3353363300,"status":"passed"},"match":{"location":"hooks.Hooks.tearDownDriver()"}}],"type":"scenario","keyword":"Scenario Outline","steps":[{"result":{"duration":588311300,"status":"passed"},"line":8,"name":"the user interacts with \"FAQLink\"","match":{"arguments":[{"val":"\"FAQLink\"","offset":24}],"location":"stepdefinitions.IndexSteps.the_user_interacts_with(java.lang.String)"},"keyword":"When "},{"result":{"duration":312391000,"status":"passed"},"line":9,"name":"the result of \"FAQLink\" should be validated","match":{"arguments":[{"val":"\"FAQLink\"","offset":14}],"location":"stepdefinitions.IndexSteps.the_result_of_should_be_validated(java.lang.String)"},"keyword":"Then "}]},{"line":3,"name":"","description":"","type":"background","keyword":"Background","steps":[{"result":{"duration":8150686600,"status":"passed"},"line":4,"name":"the user launches Catalyst web site","match":{"location":"stepdefinitions.IndexSteps.the_user_launches_catalyst_web_site()"},"keyword":"Given "},{"result":{"duration":5065300,"status":"passed"},"line":5,"name":"the XPath repository for \"Index\" is loaded","match":{"arguments":[{"val":"\"Index\"","offset":25}],"location":"stepdefinitions.IndexSteps.the_x_path_repository_for_is_loaded(java.lang.String)"},"keyword":"And "}]},{"start_timestamp":"2025-11-13T02:41:50.953Z","before":[{"result":{"duration":2019500,"status":"passed"},"match":{"location":"hooks.Hooks.setupReport()"}},{"result":{"status":"passed"},"match":{"location":"hooks.Hooks.createTest(io.cucumber.java.Scenario)"}}],"line":21,"name":"Interact with homepage element and validate result","description":"","id":"validate-catalyst-homepage-using-semantic-keys;interact-with-homepage-element-and-validate-result;;10","after":[{"result":{"duration":121270300,"status":"passed"},"match":{"location":"hooks.Hooks.tearDownReport(io.cucumber.java.Scenario)"}},{"result":{"duration":2780324100,"status":"passed"},"match":{"location":"hooks.Hooks.tearDownDriver()"}}],"type":"scenario","keyword":"Scenario Outline","steps":[{"result":{"duration":2866538300,"status":"passed"},"line":8,"name":"the user interacts with \"ExploreServicesCTA\"","match":{"arguments":[{"val":"\"ExploreServicesCTA\"","offset":24}],"location":"stepdefinitions.IndexSteps.the_user_interacts_with(java.lang.String)"},"keyword":"When "},{"result":{"error_message":"org.openqa.selenium.TimeoutException: Expected condition failed: waiting for presence of element located by: By.xpath: //a[@class='cta' and @href='services.html'] (tried for 15 second(s) with 500 milliseconds interval)\r\n\tat org.openqa.selenium.support.ui.WebDriverWait.timeoutException(WebDriverWait.java:84)\r\n\tat org.openqa.selenium.support.ui.FluentWait.until(FluentWait.java:229)\r\n\tat stepdefinitions.IndexSteps.the_result_of_should_be_validated(IndexSteps.java:73)\r\n\tat ✽.the result of \"ExploreServicesCTA\" should be validated(classpath:features/Test-index.feature:9)\r\nCaused by: org.openqa.selenium.NoSuchElementException: Unable to locate element: //a[@class='cta' and @href='services.html']\nFor documentation on this error, please visit: https://www.selenium.dev/documentation/webdriver/troubleshooting/errors#no-such-element-exception\nBuild info: version: '4.16.1', revision: '9b4c83354e'\nSystem info: os.name: 'Windows 11', os.arch: 'amd64', os.version: '10.0', java.version: '21.0.9'\nDriver info: org.openqa.selenium.firefox.FirefoxDriver\nCommand: [c8106026-d5f8-4649-a687-3ac1182509fa, findElement {using=xpath, value=//a[@class='cta' and @href='services.html']}]\nCapabilities {acceptInsecureCerts: true, browserName: firefox, browserVersion: 145.0, moz:accessibilityChecks: false, moz:buildID: 20251106194447, moz:geckodriverVersion: 0.36.0, moz:headless: true, moz:platformVersion: 10.0, moz:processID: 18660, moz:profile: C:\\Users\\sdini\\AppData\\Loca..., moz:shutdownTimeout: 60000, moz:webdriverClick: true, moz:windowless: false, pageLoadStrategy: normal, platformName: windows, proxy: Proxy(), setWindowRect: true, strictFileInteractability: false, timeouts: {implicit: 0, pageLoad: 300000, script: 30000}, unhandledPromptBehavior: dismiss and notify, userAgent: Mozilla/5.0 (Windows NT 10....}\nSession ID: c8106026-d5f8-4649-a687-3ac1182509fa\r\n\tat java.base/jdk.internal.reflect.DirectConstructorHandleAccessor.newInstance(DirectConstructorHandleAccessor.java:62)\r\n\tat java.base/java.lang.reflect.Constructor.newInstanceWithCaller(Constructor.java:502)\r\n\tat java.base/java.lang.reflect.Constructor.newInstance(Constructor.java:486)\r\n\tat org.openqa.selenium.remote.codec.w3c.W3CHttpResponseCodec.createException(W3CHttpResponseCodec.java:200)\r\n\tat org.openqa.selenium.remote.codec.w3c.W3CHttpResponseCodec.decode(W3CHttpResponseCodec.java:133)\r\n\tat org.openqa.selenium.remote.codec.w3c.W3CHttpResponseCodec.decode(W3CHttpResponseCodec.java:52)\r\n\tat org.openqa.selenium.remote.HttpCommandExecutor.execute(HttpCommandExecutor.java:191)\r\n\tat org.openqa.selenium.remote.service.DriverCommandExecutor.invokeExecute(DriverCommandExecutor.java:200)\r\n\tat org.openqa.selenium.remote.service.DriverCommandExecutor.execute(DriverCommandExecutor.java:175)\r\n\tat org.openqa.selenium.remote.RemoteWebDriver.execute(RemoteWebDriver.java:523)\r\n\tat org.openqa.selenium.remote.ElementLocation$ElementFinder$2.findElement(ElementLocation.java:165)\r\n\tat org.openqa.selenium.remote.ElementLocation.findElement(ElementLocation.java:59)\r\n\tat org.openqa.selenium.remote.RemoteWebDriver.findElement(RemoteWebDriver.java:360)\r\n\tat org.openqa.selenium.remote.RemoteWebDriver.findElement(RemoteWebDriver.java:354)\r\n\tat org.openqa.selenium.support.ui.ExpectedConditions$6.apply(ExpectedConditions.java:171)\r\n\tat org.openqa.selenium.support.ui.ExpectedConditions$6.apply(ExpectedConditions.java:168)\r\n\tat org.openqa.selenium.support.ui.FluentWait.until(FluentWait.java:204)\r\n\tat stepdefinitions.IndexSteps.the_result_of_should_be_validated(IndexSteps.java:73)\r\n\tat java.base/jdk.internal.reflect.DirectMethodHandleAccessor.invoke(DirectMethodHandleAccessor.java:103)\r\n\tat java.base/java.lang.reflect.Method.invoke(Method.java:580)\r\n\tat io.cucumber.java.Invoker.doInvoke(Invoker.java:66)\r\n\tat io.cucumber.java.Invoker.invoke(Invoker.java:24)\r\n\tat io.cucumber.java.AbstractGlueDefinition.invokeMethod(AbstractGlueDefinition.java:47)\r\n\tat io.cucumber.java.JavaStepDefinition.execute(JavaStepDefinition.java:29)\r\n\tat io.cucumber.core.runner.CoreStepDefinition.execute(CoreStepDefinition.java:66)\r\n\tat io.cucumber.core.runner.PickleStepDefinitionMatch.runStep(PickleStepDefinitionMatch.java:63)\r\n\tat io.cucumber.core.runner.ExecutionMode$1.execute(ExecutionMode.java:10)\r\n\tat io.cucumber.core.runner.TestStep.executeStep(TestStep.java:84)\r\n\tat io.cucumber.core.runner.TestStep.run(TestStep.java:56)\r\n\tat io.cucumber.core.runner.PickleStepTestStep.run(PickleStepTestStep.java:51)\r\n\tat io.cucumber.core.runner.TestCase.run(TestCase.java:84)\r\n\tat io.cucumber.core.runner.Runner.runPickle(Runner.java:75)\r\n\tat io.cucumber.junit.platform.engine.CucumberEngineExecutionContext.lambda$runTestCase$4(CucumberEngineExecutionContext.java:112)\r\n\tat io.cucumber.core.runtime.CucumberExecutionContext.lambda$runTestCase$5(CucumberExecutionContext.java:137)\r\n\tat io.cucumber.core.runtime.RethrowingThrowableCollector.executeAndThrow(RethrowingThrowableCollector.java:23)\r\n\tat io.cucumber.core.runtime.CucumberExecutionContext.runTestCase(CucumberExecutionContext.java:137)\r\n\tat io.cucumber.junit.platform.engine.CucumberEngineExecutionContext.runTestCase(CucumberEngineExecutionContext.java:109)\r\n\tat io.cucumber.junit.platform.engine.NodeDescriptor$PickleDescriptor.execute(NodeDescriptor.java:168)\r\n\tat io.cucumber.junit.platform.engine.NodeDescriptor$PickleDescriptor.execute(NodeDescriptor.java:90)\r\n\tat org.junit.platform.engine.support.hierarchical.NodeTestTask.lambda$executeRecursively$6(NodeTestTask.java:151)\r\n\tat org.junit.platform.engine.support.hierarchical.ThrowableCollector.execute(ThrowableCollector.java:73)\r\n\tat org.junit.platform.engine.support.hierarchical.NodeTestTask.lambda$executeRecursively$8(NodeTestTask.java:141)\r\n\tat org.junit.platform.engine.support.hierarchical.Node.around(Node.java:137)\r\n\tat org.junit.platform.engine.support.hierarchical.NodeTestTask.lambda$executeRecursively$9(NodeTestTask.java:139)\r\n\tat org.junit.platform.engine.support.hierarchical.ThrowableCollector.execute(ThrowableCollector.java:73)\r\n\tat org.junit.platform.engine.support.hierarchical.NodeTestTask.executeRecursively(NodeTestTask.java:138)\r\n\tat org.junit.platform.engine.support.hierarchical.NodeTestTask.execute(NodeTestTask.java:95)\r\n\tat java.base/java.util.ArrayList.forEach(ArrayList.java:1596)\r\n\tat org.junit.platform.engine.support.hierarchical.SameThreadHierarchicalTestExecutorService.invokeAll(SameThreadHierarchicalTestExecutorService.java:41)\r\n\tat org.junit.platform.engine.support.hierarchical.NodeTestTask.lambda$executeRecursively$6(NodeTestTask.java:155)\r\n\tat org.junit.platform.engine.support.hierarchical.ThrowableCollector.execute(ThrowableCollector.java:73)\r\n\tat org.junit.platform.engine.support.hierarchical.NodeTestTask.lambda$executeRecursively$8(NodeTestTask.java:141)\r\n\tat org.junit.platform.engine.support.hierarchical.Node.around(Node.java:137)\r\n\tat org.junit.platform.engine.support.hierarchical.NodeTestTask.lambda$executeRecursively$9(NodeTestTask.java:139)\r\n\tat org.junit.platform.engine.support.hierarchical.ThrowableCollector.execute(ThrowableCollector.java:73)\r\n\tat org.junit.platform.engine.support.hierarchical.NodeTestTask.executeRecursively(NodeTestTask.java:138)\r\n\tat org.junit.platform.engine.support.hierarchical.NodeTestTask.execute(NodeTestTask.java:95)\r\n\tat java.base/java.util.ArrayList.forEach(ArrayList.java:1596)\r\n\tat org.junit.platform.engine.support.hierarchical.SameThreadHierarchicalTestExecutorService.invokeAll(SameThreadHierarchicalTestExecutorService.java:41)\r\n\tat org.junit.platform.engine.support.hierarchical.NodeTestTask.lambda$executeRecursively$6(NodeTestTask.java:155)\r\n\tat org.junit.platform.engine.support.hierarchical.ThrowableCollector.execute(ThrowableCollector.java:73)\r\n\tat org.junit.platform.engine.support.hierarchical.NodeTestTask.lambda$executeRecursively$8(NodeTestTask.java:141)\r\n\tat org.junit.platform.engine.support.hierarchical.Node.around(Node.java:137)\r\n\tat org.junit.platform.engine.support.hierarchical.NodeTestTask.lambda$executeRecursively$9(NodeTestTask.java:139)\r\n\tat org.junit.platform.engine.support.hierarchical.ThrowableCollector.execute(ThrowableCollector.java:73)\r\n\tat org.junit.platform.engine.support.hierarchical.NodeTestTask.executeRecursively(NodeTestTask.java:138)\r\n\tat org.junit.platform.engine.support.hierarchical.NodeTestTask.execute(NodeTestTask.java:95)\r\n\tat java.base/java.util.ArrayList.forEach(ArrayList.java:1596)\r\n\tat org.junit.platform.engine.support.hierarchical.SameThreadHierarchicalTestExecutorService.invokeAll(SameThreadHierarchicalTestExecutorService.java:41)\r\n\tat org.junit.platform.engine.support.hierarchical.NodeTestTask.lambda$executeRecursively$6(NodeTestTask.java:155)\r\n\tat org.junit.platform.engine.support.hierarchical.ThrowableCollector.execute(ThrowableCollector.java:73)\r\n\tat org.junit.platform.engine.support.hierarchical.NodeTestTask.lambda$executeRecursively$8(NodeTestTask.java:141)\r\n\tat org.junit.platform.engine.support.hierarchical.Node.around(Node.java:137)\r\n\tat org.junit.platform.engine.support.hierarchical.NodeTestTask.lambda$executeRecursively$9(NodeTestTask.java:139)\r\n\tat org.junit.platform.engine.support.hierarchical.ThrowableCollector.execute(ThrowableCollector.java:73)\r\n\tat org.junit.platform.engine.support.hierarchical.NodeTestTask.executeRecursively(NodeTestTask.java:138)\r\n\tat org.junit.platform.engine.support.hierarchical.NodeTestTask.execute(NodeTestTask.java:95)\r\n\tat java.base/java.util.ArrayList.forEach(ArrayList.java:1596)\r\n\tat org.junit.platform.engine.support.hierarchical.SameThreadHierarchicalTestExecutorService.invokeAll(SameThreadHierarchicalTestExecutorService.java:41)\r\n\tat org.junit.platform.engine.support.hierarchical.NodeTestTask.lambda$executeRecursively$6(NodeTestTask.java:155)\r\n\tat org.junit.platform.engine.support.hierarchical.ThrowableCollector.execute(ThrowableCollector.java:73)\r\n\tat org.junit.platform.engine.support.hierarchical.NodeTestTask.lambda$executeRecursively$8(NodeTestTask.java:141)\r\n\tat org.junit.platform.engine.support.hierarchical.Node.around(Node.java:137)\r\n\tat org.junit.platform.engine.support.hierarchical.NodeTestTask.lambda$executeRecursively$9(NodeTestTask.java:139)\r\n\tat org.junit.platform.engine.support.hierarchical.ThrowableCollector.execute(ThrowableCollector.java:73)\r\n\tat org.junit.platform.engine.support.hierarchical.NodeTestTask.executeRecursively(NodeTestTask.java:138)\r\n\tat org.junit.platform.engine.support.hierarchical.NodeTestTask.execute(NodeTestTask.java:95)\r\n\tat org.junit.platform.engine.support.hierarchical.SameThreadHierarchicalTestExecutorService.submit(SameThreadHierarchicalTestExecutorService.java:35)\r\n\tat org.junit.platform.engine.support.hierarchical.HierarchicalTestExecutor.execute(HierarchicalTestExecutor.java:57)\r\n\tat org.junit.platform.engine.support.hierarchical.HierarchicalTestEngine.execute(HierarchicalTestEngine.java:54)\r\n\tat org.junit.platform.launcher.core.EngineExecutionOrchestrator.execute(EngineExecutionOrchestrator.java:198)\r\n\tat org.junit.platform.launcher.core.EngineExecutionOrchestrator.execute(EngineExecutionOrchestrator.java:169)\r\n\tat org.junit.platform.launcher.core.EngineExecutionOrchestrator.execute(EngineExecutionOrchestrator.java:93)\r\n\tat org.junit.platform.launcher.core.EngineExecutionOrchestrator.execute(EngineExecutionOrchestrator.java:76)\r\n\tat org.junit.platform.suite.engine.SuiteLauncher.execute(SuiteLauncher.java:63)\r\n\tat org.junit.platform.suite.engine.SuiteTestDescriptor.execute(SuiteTestDescriptor.java:128)\r\n\tat org.junit.platform.suite.engine.SuiteTestEngine.lambda$execute$0(SuiteTestEngine.java:73)\r\n\tat java.base/java.util.stream.ForEachOps$ForEachOp$OfRef.accept(ForEachOps.java:184)\r\n\tat java.base/java.util.stream.ReferencePipeline$3$1.accept(ReferencePipeline.java:197)\r\n\tat java.base/java.util.Iterator.forEachRemaining(Iterator.java:133)\r\n\tat java.base/java.util.Spliterators$IteratorSpliterator.forEachRemaining(Spliterators.java:1939)\r\n\tat java.base/java.util.stream.AbstractPipeline.copyInto(AbstractPipeline.java:509)\r\n\tat java.base/java.util.stream.AbstractPipeline.wrapAndCopyInto(AbstractPipeline.java:499)\r\n\tat java.base/java.util.stream.ForEachOps$ForEachOp.evaluateSequential(ForEachOps.java:151)\r\n\tat java.base/java.util.stream.ForEachOps$ForEachOp$OfRef.evaluateSequential(ForEachOps.java:174)\r\n\tat java.base/java.util.stream.AbstractPipeline.evaluate(AbstractPipeline.java:234)\r\n\tat java.base/java.util.stream.ReferencePipeline.forEach(ReferencePipeline.java:596)\r\n\tat org.junit.platform.suite.engine.SuiteTestEngine.execute(SuiteTestEngine.java:73)\r\n\tat org.junit.platform.launcher.core.EngineExecutionOrchestrator.execute(EngineExecutionOrchestrator.java:198)\r\n\tat org.junit.platform.launcher.core.EngineExecutionOrchestrator.execute(EngineExecutionOrchestrator.java:169)\r\n\tat org.junit.platform.launcher.core.EngineExecutionOrchestrator.execute(EngineExecutionOrchestrator.java:93)\r\n\tat org.junit.platform.launcher.core.EngineExecutionOrchestrator.lambda$execute$0(EngineExecutionOrchestrator.java:58)\r\n\tat org.junit.platform.launcher.core.EngineExecutionOrchestrator.withInterceptedStreams(EngineExecutionOrchestrator.java:141)\r\n\tat org.junit.platform.launcher.core.EngineExecutionOrchestrator.execute(EngineExecutionOrchestrator.java:57)\r\n\tat org.junit.platform.launcher.core.DefaultLauncher.execute(DefaultLauncher.java:103)\r\n\tat org.junit.platform.launcher.core.DefaultLauncher.execute(DefaultLauncher.java:94)\r\n\tat org.junit.platform.launcher.core.DelegatingLauncher.execute(DelegatingLauncher.java:52)\r\n\tat org.junit.platform.launcher.core.SessionPerRequestLauncher.execute(SessionPerRequestLauncher.java:70)\r\n\tat org.eclipse.jdt.internal.junit5.runner.JUnit5TestReference.run(JUnit5TestReference.java:100)\r\n\tat org.eclipse.jdt.internal.junit.runner.TestExecution.run(TestExecution.java:40)\r\n\tat org.eclipse.jdt.internal.junit.runner.RemoteTestRunner.runTests(RemoteTestRunner.java:520)\r\n\tat org.eclipse.jdt.internal.junit.runner.RemoteTestRunner.runTests(RemoteTestRunner.java:748)\r\n\tat org.eclipse.jdt.internal.junit.runner.RemoteTestRunner.run(RemoteTestRunner.java:443)\r\n\tat org.eclipse.jdt.internal.junit.runner.RemoteTestRunner.main(RemoteTestRunner.java:211)\r\n","duration":15472988400,"status":"failed"},"line":9,"name":"the result of \"ExploreServicesCTA\" should be validated","match":{"arguments":[{"val":"\"ExploreServicesCTA\"","offset":14}],"location":"stepdefinitions.IndexSteps.the_result_of_should_be_validated(java.lang.String)"},"keyword":"Then "}]},{"line":3,"name":"","description":"","type":"background","keyword":"Background","steps":[{"result":{"duration":7895845300,"status":"passed"},"line":4,"name":"the user launches Catalyst web site","match":{"location":"stepdefinitions.IndexSteps.the_user_launches_catalyst_web_site()"},"keyword":"Given "},{"result":{"duration":2022400,"status":"passed"},"line":5,"name":"the XPath repository for \"Index\" is loaded","match":{"arguments":[{"val":"\"Index\"","offset":25}],"location":"stepdefinitions.IndexSteps.the_x_path_repository_for_is_loaded(java.lang.String)"},"keyword":"And "}]},{"start_timestamp":"2025-11-13T02:42:20.453Z","before":[{"result":{"status":"passed"},"match":{"location":"hooks.Hooks.setupReport()"}},{"result":{"status":"passed"},"match":{"location":"hooks.Hooks.createTest(io.cucumber.java.Scenario)"}}],"line":22,"name":"Interact with homepage element and validate result","description":"","id":"validate-catalyst-homepage-using-semantic-keys;interact-with-homepage-element-and-validate-result;;11","after":[{"result":{"duration":141093800,"status":"passed"},"match":{"location":"hooks.Hooks.tearDownReport(io.cucumber.java.Scenario)"}},{"result":{"duration":3335487700,"status":"passed"},"match":{"location":"hooks.Hooks.tearDownDriver()"}}],"type":"scenario","keyword":"Scenario Outline","steps":[{"result":{"duration":106205900,"status":"passed"},"line":8,"name":"the user interacts with \"MainHeader\"","match":{"arguments":[{"val":"\"MainHeader\"","offset":24}],"location":"stepdefinitions.IndexSteps.the_user_interacts_with(java.lang.String)"},"keyword":"When "},{"result":{"duration":128969300,"status":"passed"},"line":9,"name":"the result of \"MainHeader\" should be validated","match":{"arguments":[{"val":"\"MainHeader\"","offset":14}],"location":"stepdefinitions.IndexSteps.the_result_of_should_be_validated(java.lang.String)"},"keyword":"Then "}]},{"line":3,"name":"","description":"","type":"background","keyword":"Background","steps":[{"result":{"duration":8116498300,"status":"passed"},"line":4,"name":"the user launches Catalyst web site","match":{"location":"stepdefinitions.IndexSteps.the_user_launches_catalyst_web_site()"},"keyword":"Given "},{"result":{"duration":5046800,"status":"passed"},"line":5,"name":"the XPath repository for \"Index\" is loaded","match":{"arguments":[{"val":"\"Index\"","offset":25}],"location":"stepdefinitions.IndexSteps.the_x_path_repository_for_is_loaded(java.lang.String)"},"keyword":"And "}]},{"start_timestamp":"2025-11-13T02:42:32.095Z","before":[{"result":{"status":"passed"},"match":{"location":"hooks.Hooks.setupReport()"}},{"result":{"status":"passed"},"match":{"location":"hooks.Hooks.createTest(io.cucumber.java.Scenario)"}}],"line":23,"name":"Interact with homepage element and validate result","description":"","id":"validate-catalyst-homepage-using-semantic-keys;interact-with-homepage-element-and-validate-result;;12","after":[{"result":{"duration":227737400,"status":"passed"},"match":{"location":"hooks.Hooks.tearDownReport(io.cucumber.java.Scenario)"}},{"result":{"duration":3433582200,"status":"passed"},"match":{"location":"hooks.Hooks.tearDownDriver()"}}],"type":"scenario","keyword":"Scenario Outline","steps":[{"result":{"duration":104524300,"status":"passed"},"line":8,"name":"the user interacts with \"SubtitleParagraph\"","match":{"arguments":[{"val":"\"SubtitleParagraph\"","offset":24}],"location":"stepdefinitions.IndexSteps.the_user_interacts_with(java.lang.String)"},"keyword":"When "},{"result":{"duration":227035200,"status":"passed"},"line":9,"name":"the result of \"SubtitleParagraph\" should be validated","match":{"arguments":[{"val":"\"SubtitleParagraph\"","offset":14}],"location":"stepdefinitions.IndexSteps.the_result_of_should_be_validated(java.lang.String)"},"keyword":"Then "}]},{"line":3,"name":"","description":"","type":"background","keyword":"Background","steps":[{"result":{"duration":8593509600,"status":"passed"},"line":4,"name":"the user launches Catalyst web site","match":{"location":"stepdefinitions.IndexSteps.the_user_launches_catalyst_web_site()"},"keyword":"Given "},{"result":{"duration":1208300,"status":"passed"},"line":5,"name":"the XPath repository for \"Index\" is loaded","match":{"arguments":[{"val":"\"Index\"","offset":25}],"location":"stepdefinitions.IndexSteps.the_x_path_repository_for_is_loaded(java.lang.String)"},"keyword":"And "}]},{"start_timestamp":"2025-11-13T02:42:44.245Z","before":[{"result":{"duration":2025100,"status":"passed"},"match":{"location":"hooks.Hooks.setupReport()"}},{"result":{"duration":2023000,"status":"passed"},"match":{"location":"hooks.Hooks.createTest(io.cucumber.java.Scenario)"}}],"line":24,"name":"Interact with homepage element and validate result","description":"","id":"validate-catalyst-homepage-using-semantic-keys;interact-with-homepage-element-and-validate-result;;13","after":[{"result":{"duration":106011300,"status":"passed"},"match":{"location":"hooks.Hooks.tearDownReport(io.cucumber.java.Scenario)"}},{"result":{"duration":3644680600,"status":"passed"},"match":{"location":"hooks.Hooks.tearDownDriver()"}}],"type":"scenario","keyword":"Scenario Outline","steps":[{"result":{"duration":103771900,"status":"passed"},"line":8,"name":"the user interacts with \"WhyChooseHeader\"","match":{"arguments":[{"val":"\"WhyChooseHeader\"","offset":24}],"location":"stepdefinitions.IndexSteps.the_user_interacts_with(java.lang.String)"},"keyword":"When "},{"result":{"duration":92126700,"status":"passed"},"line":9,"name":"the result of \"WhyChooseHeader\" should be validated","match":{"arguments":[{"val":"\"WhyChooseHeader\"","offset":14}],"location":"stepdefinitions.IndexSteps.the_result_of_should_be_validated(java.lang.String)"},"keyword":"Then "}]},{"line":3,"name":"","description":"","type":"background","keyword":"Background","steps":[{"result":{"duration":8512073700,"status":"passed"},"line":4,"name":"the user launches Catalyst web site","match":{"location":"stepdefinitions.IndexSteps.the_user_launches_catalyst_web_site()"},"keyword":"Given "},{"result":{"status":"passed"},"line":5,"name":"the XPath repository for \"Index\" is loaded","match":{"arguments":[{"val":"\"Index\"","offset":25}],"location":"stepdefinitions.IndexSteps.the_x_path_repository_for_is_loaded(java.lang.String)"},"keyword":"And "}]},{"start_timestamp":"2025-11-13T02:42:56.813Z","before":[{"result":{"duration":2028600,"status":"passed"},"match":{"location":"hooks.Hooks.setupReport()"}},{"result":{"duration":2022600,"status":"passed"},"match":{"location":"hooks.Hooks.createTest(io.cucumber.java.Scenario)"}}],"line":25,"name":"Interact with homepage element and validate result","description":"","id":"validate-catalyst-homepage-using-semantic-keys;interact-with-homepage-element-and-validate-result;;14","after":[{"result":{"duration":221184000,"status":"passed"},"match":{"location":"hooks.Hooks.tearDownReport(io.cucumber.java.Scenario)"}},{"result":{"duration":2543867500,"status":"passed"},"match":{"location":"hooks.Hooks.tearDownDriver()"}}],"type":"scenario","keyword":"Scenario Outline","steps":[{"result":{"error_message":"org.openqa.selenium.TimeoutException: Expected condition failed: waiting for presence of element located by: By.xpath: //h1[text()='Strategic Legal Nurse Consulting Services'] (tried for 15 second(s) with 500 milliseconds interval)\r\n\tat org.openqa.selenium.support.ui.WebDriverWait.timeoutException(WebDriverWait.java:84)\r\n\tat org.openqa.selenium.support.ui.FluentWait.until(FluentWait.java:229)\r\n\tat stepdefinitions.IndexSteps.the_user_interacts_with(IndexSteps.java:55)\r\n\tat ✽.the user interacts with \"StrategicServicesHeader\"(classpath:features/Test-index.feature:8)\r\nCaused by: org.openqa.selenium.NoSuchElementException: Unable to locate element: //h1[text()='Strategic Legal Nurse Consulting Services']\nFor documentation on this error, please visit: https://www.selenium.dev/documentation/webdriver/troubleshooting/errors#no-such-element-exception\nBuild info: version: '4.16.1', revision: '9b4c83354e'\nSystem info: os.name: 'Windows 11', os.arch: 'amd64', os.version: '10.0', java.version: '21.0.9'\nDriver info: org.openqa.selenium.firefox.FirefoxDriver\nCommand: [cd003387-35ed-4c1e-97ce-85d0aba9e4d4, findElement {using=xpath, value=//h1[text()='Strategic Legal Nurse Consulting Services']}]\nCapabilities {acceptInsecureCerts: true, browserName: firefox, browserVersion: 145.0, moz:accessibilityChecks: false, moz:buildID: 20251106194447, moz:geckodriverVersion: 0.36.0, moz:headless: true, moz:platformVersion: 10.0, moz:processID: 13716, moz:profile: C:\\Users\\sdini\\AppData\\Loca..., moz:shutdownTimeout: 60000, moz:webdriverClick: true, moz:windowless: false, pageLoadStrategy: normal, platformName: windows, proxy: Proxy(), setWindowRect: true, strictFileInteractability: false, timeouts: {implicit: 0, pageLoad: 300000, script: 30000}, unhandledPromptBehavior: dismiss and notify, userAgent: Mozilla/5.0 (Windows NT 10....}\nSession ID: cd003387-35ed-4c1e-97ce-85d0aba9e4d4\r\n\tat java.base/jdk.internal.reflect.DirectConstructorHandleAccessor.newInstance(DirectConstructorHandleAccessor.java:62)\r\n\tat java.base/java.lang.reflect.Constructor.newInstanceWithCaller(Constructor.java:502)\r\n\tat java.base/java.lang.reflect.Constructor.newInstance(Constructor.java:486)\r\n\tat org.openqa.selenium.remote.codec.w3c.W3CHttpResponseCodec.createException(W3CHttpResponseCodec.java:200)\r\n\tat org.openqa.selenium.remote.codec.w3c.W3CHttpResponseCodec.decode(W3CHttpResponseCodec.java:133)\r\n\tat org.openqa.selenium.remote.codec.w3c.W3CHttpResponseCodec.decode(W3CHttpResponseCodec.java:52)\r\n\tat org.openqa.selenium.remote.HttpCommandExecutor.execute(HttpCommandExecutor.java:191)\r\n\tat org.openqa.selenium.remote.service.DriverCommandExecutor.invokeExecute(DriverCommandExecutor.java:200)\r\n\tat org.openqa.selenium.remote.service.DriverCommandExecutor.execute(DriverCommandExecutor.java:175)\r\n\tat org.openqa.selenium.remote.RemoteWebDriver.execute(RemoteWebDriver.java:523)\r\n\tat org.openqa.selenium.remote.ElementLocation$ElementFinder$2.findElement(ElementLocation.java:165)\r\n\tat org.openqa.selenium.remote.ElementLocation.findElement(ElementLocation.java:59)\r\n\tat org.openqa.selenium.remote.RemoteWebDriver.findElement(RemoteWebDriver.java:360)\r\n\tat org.openqa.selenium.remote.RemoteWebDriver.findElement(RemoteWebDriver.java:354)\r\n\tat org.openqa.selenium.support.ui.ExpectedConditions$6.apply(ExpectedConditions.java:171)\r\n\tat org.openqa.selenium.support.ui.ExpectedConditions$6.apply(ExpectedConditions.java:168)\r\n\tat org.openqa.selenium.support.ui.FluentWait.until(FluentWait.java:204)\r\n\tat stepdefinitions.IndexSteps.the_user_interacts_with(IndexSteps.java:55)\r\n\tat java.base/jdk.internal.reflect.DirectMethodHandleAccessor.invoke(DirectMethodHandleAccessor.java:103)\r\n\tat java.base/java.lang.reflect.Method.invoke(Method.java:580)\r\n\tat io.cucumber.java.Invoker.doInvoke(Invoker.java:66)\r\n\tat io.cucumber.java.Invoker.invoke(Invoker.java:24)\r\n\tat io.cucumber.java.AbstractGlueDefinition.invokeMethod(AbstractGlueDefinition.java:47)\r\n\tat io.cucumber.java.JavaStepDefinition.execute(JavaStepDefinition.java:29)\r\n\tat io.cucumber.core.runner.CoreStepDefinition.execute(CoreStepDefinition.java:66)\r\n\tat io.cucumber.core.runner.PickleStepDefinitionMatch.runStep(PickleStepDefinitionMatch.java:63)\r\n\tat io.cucumber.core.runner.ExecutionMode$1.execute(ExecutionMode.java:10)\r\n\tat io.cucumber.core.runner.TestStep.executeStep(TestStep.java:84)\r\n\tat io.cucumber.core.runner.TestStep.run(TestStep.java:56)\r\n\tat io.cucumber.core.runner.PickleStepTestStep.run(PickleStepTestStep.java:51)\r\n\tat io.cucumber.core.runner.TestCase.run(TestCase.java:84)\r\n\tat io.cucumber.core.runner.Runner.runPickle(Runner.java:75)\r\n\tat io.cucumber.junit.platform.engine.CucumberEngineExecutionContext.lambda$runTestCase$4(CucumberEngineExecutionContext.java:112)\r\n\tat io.cucumber.core.runtime.CucumberExecutionContext.lambda$runTestCase$5(CucumberExecutionContext.java:137)\r\n\tat io.cucumber.core.runtime.RethrowingThrowableCollector.executeAndThrow(RethrowingThrowableCollector.java:23)\r\n\tat io.cucumber.core.runtime.CucumberExecutionContext.runTestCase(CucumberExecutionContext.java:137)\r\n\tat io.cucumber.junit.platform.engine.CucumberEngineExecutionContext.runTestCase(CucumberEngineExecutionContext.java:109)\r\n\tat io.cucumber.junit.platform.engine.NodeDescriptor$PickleDescriptor.execute(NodeDescriptor.java:168)\r\n\tat io.cucumber.junit.platform.engine.NodeDescriptor$PickleDescriptor.execute(NodeDescriptor.java:90)\r\n\tat org.junit.platform.engine.support.hierarchical.NodeTestTask.lambda$executeRecursively$6(NodeTestTask.java:151)\r\n\tat org.junit.platform.engine.support.hierarchical.ThrowableCollector.execute(ThrowableCollector.java:73)\r\n\tat org.junit.platform.engine.support.hierarchical.NodeTestTask.lambda$executeRecursively$8(NodeTestTask.java:141)\r\n\tat org.junit.platform.engine.support.hierarchical.Node.around(Node.java:137)\r\n\tat org.junit.platform.engine.support.hierarchical.NodeTestTask.lambda$executeRecursively$9(NodeTestTask.java:139)\r\n\tat org.junit.platform.engine.support.hierarchical.ThrowableCollector.execute(ThrowableCollector.java:73)\r\n\tat org.junit.platform.engine.support.hierarchical.NodeTestTask.executeRecursively(NodeTestTask.java:138)\r\n\tat org.junit.platform.engine.support.hierarchical.NodeTestTask.execute(NodeTestTask.java:95)\r\n\tat java.base/java.util.ArrayList.forEach(ArrayList.java:1596)\r\n\tat org.junit.platform.engine.support.hierarchical.SameThreadHierarchicalTestExecutorService.invokeAll(SameThreadHierarchicalTestExecutorService.java:41)\r\n\tat org.junit.platform.engine.support.hierarchical.NodeTestTask.lambda$executeRecursively$6(NodeTestTask.java:155)\r\n\tat org.junit.platform.engine.support.hierarchical.ThrowableCollector.execute(ThrowableCollector.java:73)\r\n\tat org.junit.platform.engine.support.hierarchical.NodeTestTask.lambda$executeRecursively$8(NodeTestTask.java:141)\r\n\tat org.junit.platform.engine.support.hierarchical.Node.around(Node.java:137)\r\n\tat org.junit.platform.engine.support.hierarchical.NodeTestTask.lambda$executeRecursively$9(NodeTestTask.java:139)\r\n\tat org.junit.platform.engine.support.hierarchical.ThrowableCollector.execute(ThrowableCollector.java:73)\r\n\tat org.junit.platform.engine.support.hierarchical.NodeTestTask.executeRecursively(NodeTestTask.java:138)\r\n\tat org.junit.platform.engine.support.hierarchical.NodeTestTask.execute(NodeTestTask.java:95)\r\n\tat java.base/java.util.ArrayList.forEach(ArrayList.java:1596)\r\n\tat org.junit.platform.engine.support.hierarchical.SameThreadHierarchicalTestExecutorService.invokeAll(SameThreadHierarchicalTestExecutorService.java:41)\r\n\tat org.junit.platform.engine.support.hierarchical.NodeTestTask.lambda$executeRecursively$6(NodeTestTask.java:155)\r\n\tat org.junit.platform.engine.support.hierarchical.ThrowableCollector.execute(ThrowableCollector.java:73)\r\n\tat org.junit.platform.engine.support.hierarchical.NodeTestTask.lambda$executeRecursively$8(NodeTestTask.java:141)\r\n\tat org.junit.platform.engine.support.hierarchical.Node.around(Node.java:137)\r\n\tat org.junit.platform.engine.support.hierarchical.NodeTestTask.lambda$executeRecursively$9(NodeTestTask.java:139)\r\n\tat org.junit.platform.engine.support.hierarchical.ThrowableCollector.execute(ThrowableCollector.java:73)\r\n\tat org.junit.platform.engine.support.hierarchical.NodeTestTask.executeRecursively(NodeTestTask.java:138)\r\n\tat org.junit.platform.engine.support.hierarchical.NodeTestTask.execute(NodeTestTask.java:95)\r\n\tat java.base/java.util.ArrayList.forEach(ArrayList.java:1596)\r\n\tat org.junit.platform.engine.support.hierarchical.SameThreadHierarchicalTestExecutorService.invokeAll(SameThreadHierarchicalTestExecutorService.java:41)\r\n\tat org.junit.platform.engine.support.hierarchical.NodeTestTask.lambda$executeRecursively$6(NodeTestTask.java:155)\r\n\tat org.junit.platform.engine.support.hierarchical.ThrowableCollector.execute(ThrowableCollector.java:73)\r\n\tat org.junit.platform.engine.support.hierarchical.NodeTestTask.lambda$executeRecursively$8(NodeTestTask.java:141)\r\n\tat org.junit.platform.engine.support.hierarchical.Node.around(Node.java:137)\r\n\tat org.junit.platform.engine.support.hierarchical.NodeTestTask.lambda$executeRecursively$9(NodeTestTask.java:139)\r\n\tat org.junit.platform.engine.support.hierarchical.ThrowableCollector.execute(ThrowableCollector.java:73)\r\n\tat org.junit.platform.engine.support.hierarchical.NodeTestTask.executeRecursively(NodeTestTask.java:138)\r\n\tat org.junit.platform.engine.support.hierarchical.NodeTestTask.execute(NodeTestTask.java:95)\r\n\tat java.base/java.util.ArrayList.forEach(ArrayList.java:1596)\r\n\tat org.junit.platform.engine.support.hierarchical.SameThreadHierarchicalTestExecutorService.invokeAll(SameThreadHierarchicalTestExecutorService.java:41)\r\n\tat org.junit.platform.engine.support.hierarchical.NodeTestTask.lambda$executeRecursively$6(NodeTestTask.java:155)\r\n\tat org.junit.platform.engine.support.hierarchical.ThrowableCollector.execute(ThrowableCollector.java:73)\r\n\tat org.junit.platform.engine.support.hierarchical.NodeTestTask.lambda$executeRecursively$8(NodeTestTask.java:141)\r\n\tat org.junit.platform.engine.support.hierarchical.Node.around(Node.java:137)\r\n\tat org.junit.platform.engine.support.hierarchical.NodeTestTask.lambda$executeRecursively$9(NodeTestTask.java:139)\r\n\tat org.junit.platform.engine.support.hierarchical.ThrowableCollector.execute(ThrowableCollector.java:73)\r\n\tat org.junit.platform.engine.support.hierarchical.NodeTestTask.executeRecursively(NodeTestTask.java:138)\r\n\tat org.junit.platform.engine.support.hierarchical.NodeTestTask.execute(NodeTestTask.java:95)\r\n\tat org.junit.platform.engine.support.hierarchical.SameThreadHierarchicalTestExecutorService.submit(SameThreadHierarchicalTestExecutorService.java:35)\r\n\tat org.junit.platform.engine.support.hierarchical.HierarchicalTestExecutor.execute(HierarchicalTestExecutor.java:57)\r\n\tat org.junit.platform.engine.support.hierarchical.HierarchicalTestEngine.execute(HierarchicalTestEngine.java:54)\r\n\tat org.junit.platform.launcher.core.EngineExecutionOrchestrator.execute(EngineExecutionOrchestrator.java:198)\r\n\tat org.junit.platform.launcher.core.EngineExecutionOrchestrator.execute(EngineExecutionOrchestrator.java:169)\r\n\tat org.junit.platform.launcher.core.EngineExecutionOrchestrator.execute(EngineExecutionOrchestrator.java:93)\r\n\tat org.junit.platform.launcher.core.EngineExecutionOrchestrator.execute(EngineExecutionOrchestrator.java:76)\r\n\tat org.junit.platform.suite.engine.SuiteLauncher.execute(SuiteLauncher.java:63)\r\n\tat org.junit.platform.suite.engine.SuiteTestDescriptor.execute(SuiteTestDescriptor.java:128)\r\n\tat org.junit.platform.suite.engine.SuiteTestEngine.lambda$execute$0(SuiteTestEngine.java:73)\r\n\tat java.base/java.util.stream.ForEachOps$ForEachOp$OfRef.accept(ForEachOps.java:184)\r\n\tat java.base/java.util.stream.ReferencePipeline$3$1.accept(ReferencePipeline.java:197)\r\n\tat java.base/java.util.Iterator.forEachRemaining(Iterator.java:133)\r\n\tat java.base/java.util.Spliterators$IteratorSpliterator.forEachRemaining(Spliterators.java:1939)\r\n\tat java.base/java.util.stream.AbstractPipeline.copyInto(AbstractPipeline.java:509)\r\n\tat java.base/java.util.stream.AbstractPipeline.wrapAndCopyInto(AbstractPipeline.java:499)\r\n\tat java.base/java.util.stream.ForEachOps$ForEachOp.evaluateSequential(ForEachOps.java:151)\r\n\tat java.base/java.util.stream.ForEachOps$ForEachOp$OfRef.evaluateSequential(ForEachOps.java:174)\r\n\tat java.base/java.util.stream.AbstractPipeline.evaluate(AbstractPipeline.java:234)\r\n\tat java.base/java.util.stream.ReferencePipeline.forEach(ReferencePipeline.java:596)\r\n\tat org.junit.platform.suite.engine.SuiteTestEngine.execute(SuiteTestEngine.java:73)\r\n\tat org.junit.platform.launcher.core.EngineExecutionOrchestrator.execute(EngineExecutionOrchestrator.java:198)\r\n\tat org.junit.platform.launcher.core.EngineExecutionOrchestrator.execute(EngineExecutionOrchestrator.java:169)\r\n\tat org.junit.platform.launcher.core.EngineExecutionOrchestrator.execute(EngineExecutionOrchestrator.java:93)\r\n\tat org.junit.platform.launcher.core.EngineExecutionOrchestrator.lambda$execute$0(EngineExecutionOrchestrator.java:58)\r\n\tat org.junit.platform.launcher.core.EngineExecutionOrchestrator.withInterceptedStreams(EngineExecutionOrchestrator.java:141)\r\n\tat org.junit.platform.launcher.core.EngineExecutionOrchestrator.execute(EngineExecutionOrchestrator.java:57)\r\n\tat org.junit.platform.launcher.core.DefaultLauncher.execute(DefaultLauncher.java:103)\r\n\tat org.junit.platform.launcher.core.DefaultLauncher.execute(DefaultLauncher.java:94)\r\n\tat org.junit.platform.launcher.core.DelegatingLauncher.execute(DelegatingLauncher.java:52)\r\n\tat org.junit.platform.launcher.core.SessionPerRequestLauncher.execute(SessionPerRequestLauncher.java:70)\r\n\tat org.eclipse.jdt.internal.junit5.runner.JUnit5TestReference.run(JUnit5TestReference.java:100)\r\n\tat org.eclipse.jdt.internal.junit.runner.TestExecution.run(TestExecution.java:40)\r\n\tat org.eclipse.jdt.internal.junit.runner.RemoteTestRunner.runTests(RemoteTestRunner.java:520)\r\n\tat org.eclipse.jdt.internal.junit.runner.RemoteTestRunner.runTests(RemoteTestRunner.java:748)\r\n\tat org.eclipse.jdt.internal.junit.runner.RemoteTestRunner.run(RemoteTestRunner.java:443)\r\n\tat org.eclipse.jdt.internal.junit.runner.RemoteTestRunner.main(RemoteTestRunner.java:211)\r\n","duration":15172550100,"status":"failed"},"line":8,"name":"the user interacts with \"StrategicServicesHeader\"","match":{"arguments":[{"val":"\"StrategicServicesHeader\"","offset":24}],"location":"stepdefinitions.IndexSteps.the_user_interacts_with(java.lang.String)"},"keyword":"When "},{"result":{"status":"skipped"},"line":9,"name":"the result of \"StrategicServicesHeader\" should be validated","match":{"arguments":[{"val":"\"StrategicServicesHeader\"","offset":14}],"location":"stepdefinitions.IndexSteps.the_result_of_should_be_validated(java.lang.String)"},"keyword":"Then "}]},{"line":3,"name":"","description":"","type":"background","keyword":"Background","steps":[{"result":{"duration":8288682600,"status":"passed"},"line":4,"name":"the user launches Catalyst web site","match":{"location":"stepdefinitions.IndexSteps.the_user_launches_catalyst_web_site()"},"keyword":"Given "},{"result":{"duration":1217700,"status":"passed"},"line":5,"name":"the XPath repository for \"Index\" is loaded","match":{"arguments":[{"val":"\"Index\"","offset":25}],"location":"stepdefinitions.IndexSteps.the_x_path_repository_for_is_loaded(java.lang.String)"},"keyword":"And "}]},{"start_timestamp":"2025-11-13T02:43:23.352Z","before":[{"result":{"duration":2039600,"status":"passed"},"match":{"location":"hooks.Hooks.setupReport()"}},{"result":{"duration":2034100,"status":"passed"},"match":{"location":"hooks.Hooks.createTest(io.cucumber.java.Scenario)"}}],"line":26,"name":"Interact with homepage element and validate result","description":"","id":"validate-catalyst-homepage-using-semantic-keys;interact-with-homepage-element-and-validate-result;;15","after":[{"result":{"duration":163858300,"status":"passed"},"match":{"location":"hooks.Hooks.tearDownReport(io.cucumber.java.Scenario)"}},{"result":{"duration":3214170400,"status":"passed"},"match":{"location":"hooks.Hooks.tearDownDriver()"}}],"type":"scenario","keyword":"Scenario Outline","steps":[{"result":{"duration":125921800,"status":"passed"},"line":8,"name":"the user interacts with \"CredentialsList\"","match":{"arguments":[{"val":"\"CredentialsList\"","offset":24}],"location":"stepdefinitions.IndexSteps.the_user_interacts_with(java.lang.String)"},"keyword":"When "},{"result":{"duration":232218300,"status":"passed"},"line":9,"name":"the result of \"CredentialsList\" should be validated","match":{"arguments":[{"val":"\"CredentialsList\"","offset":14}],"location":"stepdefinitions.IndexSteps.the_result_of_should_be_validated(java.lang.String)"},"keyword":"Then "}]},{"line":3,"name":"","description":"","type":"background","keyword":"Background","steps":[{"result":{"duration":9937676200,"status":"passed"},"line":4,"name":"the user launches Catalyst web site","match":{"location":"stepdefinitions.IndexSteps.the_user_launches_catalyst_web_site()"},"keyword":"Given "},{"result":{"status":"passed"},"line":5,"name":"the XPath repository for \"Index\" is loaded","match":{"arguments":[{"val":"\"Index\"","offset":25}],"location":"stepdefinitions.IndexSteps.the_x_path_repository_for_is_loaded(java.lang.String)"},"keyword":"And "}]},{"start_timestamp":"2025-11-13T02:43:35.417Z","before":[{"result":{"status":"passed"},"match":{"location":"hooks.Hooks.setupReport()"}},{"result":{"status":"passed"},"match":{"location":"hooks.Hooks.createTest(io.cucumber.java.Scenario)"}}],"line":27,"name":"Interact with homepage element and validate result","description":"","id":"validate-catalyst-homepage-using-semantic-keys;interact-with-homepage-element-and-validate-result;;16","after":[{"result":{"duration":123840500,"status":"passed"},"match":{"location":"hooks.Hooks.tearDownReport(io.cucumber.java.Scenario)"}},{"result":{"duration":3172670400,"status":"passed"},"match":{"location":"hooks.Hooks.tearDownDriver()"}}],"type":"scenario","keyword":"Scenario Outline","steps":[{"result":{"duration":229160400,"status":"passed"},"line":8,"name":"the user interacts with \"ServicesList\"","match":{"arguments":[{"val":"\"ServicesList\"","offset":24}],"location":"stepdefinitions.IndexSteps.the_user_interacts_with(java.lang.String)"},"keyword":"When "},{"result":{"duration":254877200,"status":"passed"},"line":9,"name":"the result of \"ServicesList\" should be validated","match":{"arguments":[{"val":"\"ServicesList\"","offset":14}],"location":"stepdefinitions.IndexSteps.the_result_of_should_be_validated(java.lang.String)"},"keyword":"Then "}]},{"line":3,"name":"","description":"","type":"background","keyword":"Background","steps":[{"result":{"duration":8508607800,"status":"passed"},"line":4,"name":"the user launches Catalyst web site","match":{"location":"stepdefinitions.IndexSteps.the_user_launches_catalyst_web_site()"},"keyword":"Given "},{"result":{"duration":2019400,"status":"passed"},"line":5,"name":"the XPath repository for \"Index\" is loaded","match":{"arguments":[{"val":"\"Index\"","offset":25}],"location":"stepdefinitions.IndexSteps.the_x_path_repository_for_is_loaded(java.lang.String)"},"keyword":"And "}]},{"start_timestamp":"2025-11-13T02:43:49.210Z","before":[{"result":{"status":"passed"},"match":{"location":"hooks.Hooks.setupReport()"}},{"result":{"status":"passed"},"match":{"location":"hooks.Hooks.createTest(io.cucumber.java.Scenario)"}}],"line":28,"name":"Interact with homepage element and validate result","description":"","id":"validate-catalyst-homepage-using-semantic-keys;interact-with-homepage-element-and-validate-result;;17","after":[{"result":{"duration":192057600,"status":"passed"},"match":{"location":"hooks.Hooks.tearDownReport(io.cucumber.java.Scenario)"}},{"result":{"duration":2659333200,"status":"passed"},"match":{"location":"hooks.Hooks.tearDownDriver()"}}],"type":"scenario","keyword":"Scenario Outline","steps":[{"result":{"duration":541204500,"status":"passed"},"line":8,"name":"the user interacts with \"PrivacyPolicyLinkInList\"","match":{"arguments":[{"val":"\"PrivacyPolicyLinkInList\"","offset":24}],"location":"stepdefinitions.IndexSteps.the_user_interacts_with(java.lang.String)"},"keyword":"When "},{"result":{"error_message":"org.openqa.selenium.TimeoutException: Expected condition failed: waiting for presence of element located by: By.xpath: //section[h2[text()='Why Attorneys Choose Catalyst']]//a[@href='privacy.html'] (tried for 15 second(s) with 500 milliseconds interval)\r\n\tat org.openqa.selenium.support.ui.WebDriverWait.timeoutException(WebDriverWait.java:84)\r\n\tat org.openqa.selenium.support.ui.FluentWait.until(FluentWait.java:229)\r\n\tat stepdefinitions.IndexSteps.the_result_of_should_be_validated(IndexSteps.java:73)\r\n\tat ✽.the result of \"PrivacyPolicyLinkInList\" should be validated(classpath:features/Test-index.feature:9)\r\nCaused by: org.openqa.selenium.NoSuchElementException: Unable to locate element: //section[h2[text()='Why Attorneys Choose Catalyst']]//a[@href='privacy.html']\nFor documentation on this error, please visit: https://www.selenium.dev/documentation/webdriver/troubleshooting/errors#no-such-element-exception\nBuild info: version: '4.16.1', revision: '9b4c83354e'\nSystem info: os.name: 'Windows 11', os.arch: 'amd64', os.version: '10.0', java.version: '21.0.9'\nDriver info: org.openqa.selenium.firefox.FirefoxDriver\nCommand: [c63d3794-db3a-4b8b-9e88-a0a4c58e682f, findElement {using=xpath, value=//section[h2[text()='Why Attorneys Choose Catalyst']]//a[@href='privacy.html']}]\nCapabilities {acceptInsecureCerts: true, browserName: firefox, browserVersion: 145.0, moz:accessibilityChecks: false, moz:buildID: 20251106194447, moz:geckodriverVersion: 0.36.0, moz:headless: true, moz:platformVersion: 10.0, moz:processID: 9312, moz:profile: C:\\Users\\sdini\\AppData\\Loca..., moz:shutdownTimeout: 60000, moz:webdriverClick: true, moz:windowless: false, pageLoadStrategy: normal, platformName: windows, proxy: Proxy(), setWindowRect: true, strictFileInteractability: false, timeouts: {implicit: 0, pageLoad: 300000, script: 30000}, unhandledPromptBehavior: dismiss and notify, userAgent: Mozilla/5.0 (Windows NT 10....}\nSession ID: c63d3794-db3a-4b8b-9e88-a0a4c58e682f\r\n\tat java.base/jdk.internal.reflect.DirectConstructorHandleAccessor.newInstance(DirectConstructorHandleAccessor.java:62)\r\n\tat java.base/java.lang.reflect.Constructor.newInstanceWithCaller(Constructor.java:502)\r\n\tat java.base/java.lang.reflect.Constructor.newInstance(Constructor.java:486)\r\n\tat org.openqa.selenium.remote.codec.w3c.W3CHttpResponseCodec.createException(W3CHttpResponseCodec.java:200)\r\n\tat org.openqa.selenium.remote.codec.w3c.W3CHttpResponseCodec.decode(W3CHttpResponseCodec.java:133)\r\n\tat org.openqa.selenium.remote.codec.w3c.W3CHttpResponseCodec.decode(W3CHttpResponseCodec.java:52)\r\n\tat org.openqa.selenium.remote.HttpCommandExecutor.execute(HttpCommandExecutor.java:191)\r\n\tat org.openqa.selenium.remote.service.DriverCommandExecutor.invokeExecute(DriverCommandExecutor.java:200)\r\n\tat org.openqa.selenium.remote.service.DriverCommandExecutor.execute(DriverCommandExecutor.java:175)\r\n\tat org.openqa.selenium.remote.RemoteWebDriver.execute(RemoteWebDriver.java:523)\r\n\tat org.openqa.selenium.remote.ElementLocation$ElementFinder$2.findElement(ElementLocation.java:165)\r\n\tat org.openqa.selenium.remote.ElementLocation.findElement(ElementLocation.java:59)\r\n\tat org.openqa.selenium.remote.RemoteWebDriver.findElement(RemoteWebDriver.java:360)\r\n\tat org.openqa.selenium.remote.RemoteWebDriver.findElement(RemoteWebDriver.java:354)\r\n\tat org.openqa.selenium.support.ui.ExpectedConditions$6.apply(ExpectedConditions.java:171)\r\n\tat org.openqa.selenium.support.ui.ExpectedConditions$6.apply(ExpectedConditions.java:168)\r\n\tat org.openqa.selenium.support.ui.FluentWait.until(FluentWait.java:204)\r\n\tat stepdefinitions.IndexSteps.the_result_of_should_be_validated(IndexSteps.java:73)\r\n\tat java.base/jdk.internal.reflect.DirectMethodHandleAccessor.invoke(DirectMethodHandleAccessor.java:103)\r\n\tat java.base/java.lang.reflect.Method.invoke(Method.java:580)\r\n\tat io.cucumber.java.Invoker.doInvoke(Invoker.java:66)\r\n\tat io.cucumber.java.Invoker.invoke(Invoker.java:24)\r\n\tat io.cucumber.java.AbstractGlueDefinition.invokeMethod(AbstractGlueDefinition.java:47)\r\n\tat io.cucumber.java.JavaStepDefinition.execute(JavaStepDefinition.java:29)\r\n\tat io.cucumber.core.runner.CoreStepDefinition.execute(CoreStepDefinition.java:66)\r\n\tat io.cucumber.core.runner.PickleStepDefinitionMatch.runStep(PickleStepDefinitionMatch.java:63)\r\n\tat io.cucumber.core.runner.ExecutionMode$1.execute(ExecutionMode.java:10)\r\n\tat io.cucumber.core.runner.TestStep.executeStep(TestStep.java:84)\r\n\tat io.cucumber.core.runner.TestStep.run(TestStep.java:56)\r\n\tat io.cucumber.core.runner.PickleStepTestStep.run(PickleStepTestStep.java:51)\r\n\tat io.cucumber.core.runner.TestCase.run(TestCase.java:84)\r\n\tat io.cucumber.core.runner.Runner.runPickle(Runner.java:75)\r\n\tat io.cucumber.junit.platform.engine.CucumberEngineExecutionContext.lambda$runTestCase$4(CucumberEngineExecutionContext.java:112)\r\n\tat io.cucumber.core.runtime.CucumberExecutionContext.lambda$runTestCase$5(CucumberExecutionContext.java:137)\r\n\tat io.cucumber.core.runtime.RethrowingThrowableCollector.executeAndThrow(RethrowingThrowableCollector.java:23)\r\n\tat io.cucumber.core.runtime.CucumberExecutionContext.runTestCase(CucumberExecutionContext.java:137)\r\n\tat io.cucumber.junit.platform.engine.CucumberEngineExecutionContext.runTestCase(CucumberEngineExecutionContext.java:109)\r\n\tat io.cucumber.junit.platform.engine.NodeDescriptor$PickleDescriptor.execute(NodeDescriptor.java:168)\r\n\tat io.cucumber.junit.platform.engine.NodeDescriptor$PickleDescriptor.execute(NodeDescriptor.java:90)\r\n\tat org.junit.platform.engine.support.hierarchical.NodeTestTask.lambda$executeRecursively$6(NodeTestTask.java:151)\r\n\tat org.junit.platform.engine.support.hierarchical.ThrowableCollector.execute(ThrowableCollector.java:73)\r\n\tat org.junit.platform.engine.support.hierarchical.NodeTestTask.lambda$executeRecursively$8(NodeTestTask.java:141)\r\n\tat org.junit.platform.engine.support.hierarchical.Node.around(Node.java:137)\r\n\tat org.junit.platform.engine.support.hierarchical.NodeTestTask.lambda$executeRecursively$9(NodeTestTask.java:139)\r\n\tat org.junit.platform.engine.support.hierarchical.ThrowableCollector.execute(ThrowableCollector.java:73)\r\n\tat org.junit.platform.engine.support.hierarchical.NodeTestTask.executeRecursively(NodeTestTask.java:138)\r\n\tat org.junit.platform.engine.support.hierarchical.NodeTestTask.execute(NodeTestTask.java:95)\r\n\tat java.base/java.util.ArrayList.forEach(ArrayList.java:1596)\r\n\tat org.junit.platform.engine.support.hierarchical.SameThreadHierarchicalTestExecutorService.invokeAll(SameThreadHierarchicalTestExecutorService.java:41)\r\n\tat org.junit.platform.engine.support.hierarchical.NodeTestTask.lambda$executeRecursively$6(NodeTestTask.java:155)\r\n\tat org.junit.platform.engine.support.hierarchical.ThrowableCollector.execute(ThrowableCollector.java:73)\r\n\tat org.junit.platform.engine.support.hierarchical.NodeTestTask.lambda$executeRecursively$8(NodeTestTask.java:141)\r\n\tat org.junit.platform.engine.support.hierarchical.Node.around(Node.java:137)\r\n\tat org.junit.platform.engine.support.hierarchical.NodeTestTask.lambda$executeRecursively$9(NodeTestTask.java:139)\r\n\tat org.junit.platform.engine.support.hierarchical.ThrowableCollector.execute(ThrowableCollector.java:73)\r\n\tat org.junit.platform.engine.support.hierarchical.NodeTestTask.executeRecursively(NodeTestTask.java:138)\r\n\tat org.junit.platform.engine.support.hierarchical.NodeTestTask.execute(NodeTestTask.java:95)\r\n\tat java.base/java.util.ArrayList.forEach(ArrayList.java:1596)\r\n\tat org.junit.platform.engine.support.hierarchical.SameThreadHierarchicalTestExecutorService.invokeAll(SameThreadHierarchicalTestExecutorService.java:41)\r\n\tat org.junit.platform.engine.support.hierarchical.NodeTestTask.lambda$executeRecursively$6(NodeTestTask.java:155)\r\n\tat org.junit.platform.engine.support.hierarchical.ThrowableCollector.execute(ThrowableCollector.java:73)\r\n\tat org.junit.platform.engine.support.hierarchical.NodeTestTask.lambda$executeRecursively$8(NodeTestTask.java:141)\r\n\tat org.junit.platform.engine.support.hierarchical.Node.around(Node.java:137)\r\n\tat org.junit.platform.engine.support.hierarchical.NodeTestTask.lambda$executeRecursively$9(NodeTestTask.java:139)\r\n\tat org.junit.platform.engine.support.hierarchical.ThrowableCollector.execute(ThrowableCollector.java:73)\r\n\tat org.junit.platform.engine.support.hierarchical.NodeTestTask.executeRecursively(NodeTestTask.java:138)\r\n\tat org.junit.platform.engine.support.hierarchical.NodeTestTask.execute(NodeTestTask.java:95)\r\n\tat java.base/java.util.ArrayList.forEach(ArrayList.java:1596)\r\n\tat org.junit.platform.engine.support.hierarchical.SameThreadHierarchicalTestExecutorService.invokeAll(SameThreadHierarchicalTestExecutorService.java:41)\r\n\tat org.junit.platform.engine.support.hierarchical.NodeTestTask.lambda$executeRecursively$6(NodeTestTask.java:155)\r\n\tat org.junit.platform.engine.support.hierarchical.ThrowableCollector.execute(ThrowableCollector.java:73)\r\n\tat org.junit.platform.engine.support.hierarchical.NodeTestTask.lambda$executeRecursively$8(NodeTestTask.java:141)\r\n\tat org.junit.platform.engine.support.hierarchical.Node.around(Node.java:137)\r\n\tat org.junit.platform.engine.support.hierarchical.NodeTestTask.lambda$executeRecursively$9(NodeTestTask.java:139)\r\n\tat org.junit.platform.engine.support.hierarchical.ThrowableCollector.execute(ThrowableCollector.java:73)\r\n\tat org.junit.platform.engine.support.hierarchical.NodeTestTask.executeRecursively(NodeTestTask.java:138)\r\n\tat org.junit.platform.engine.support.hierarchical.NodeTestTask.execute(NodeTestTask.java:95)\r\n\tat java.base/java.util.ArrayList.forEach(ArrayList.java:1596)\r\n\tat org.junit.platform.engine.support.hierarchical.SameThreadHierarchicalTestExecutorService.invokeAll(SameThreadHierarchicalTestExecutorService.java:41)\r\n\tat org.junit.platform.engine.support.hierarchical.NodeTestTask.lambda$executeRecursively$6(NodeTestTask.java:155)\r\n\tat org.junit.platform.engine.support.hierarchical.ThrowableCollector.execute(ThrowableCollector.java:73)\r\n\tat org.junit.platform.engine.support.hierarchical.NodeTestTask.lambda$executeRecursively$8(NodeTestTask.java:141)\r\n\tat org.junit.platform.engine.support.hierarchical.Node.around(Node.java:137)\r\n\tat org.junit.platform.engine.support.hierarchical.NodeTestTask.lambda$executeRecursively$9(NodeTestTask.java:139)\r\n\tat org.junit.platform.engine.support.hierarchical.ThrowableCollector.execute(ThrowableCollector.java:73)\r\n\tat org.junit.platform.engine.support.hierarchical.NodeTestTask.executeRecursively(NodeTestTask.java:138)\r\n\tat org.junit.platform.engine.support.hierarchical.NodeTestTask.execute(NodeTestTask.java:95)\r\n\tat org.junit.platform.engine.support.hierarchical.SameThreadHierarchicalTestExecutorService.submit(SameThreadHierarchicalTestExecutorService.java:35)\r\n\tat org.junit.platform.engine.support.hierarchical.HierarchicalTestExecutor.execute(HierarchicalTestExecutor.java:57)\r\n\tat org.junit.platform.engine.support.hierarchical.HierarchicalTestEngine.execute(HierarchicalTestEngine.java:54)\r\n\tat org.junit.platform.launcher.core.EngineExecutionOrchestrator.execute(EngineExecutionOrchestrator.java:198)\r\n\tat org.junit.platform.launcher.core.EngineExecutionOrchestrator.execute(EngineExecutionOrchestrator.java:169)\r\n\tat org.junit.platform.launcher.core.EngineExecutionOrchestrator.execute(EngineExecutionOrchestrator.java:93)\r\n\tat org.junit.platform.launcher.core.EngineExecutionOrchestrator.execute(EngineExecutionOrchestrator.java:76)\r\n\tat org.junit.platform.suite.engine.SuiteLauncher.execute(SuiteLauncher.java:63)\r\n\tat org.junit.platform.suite.engine.SuiteTestDescriptor.execute(SuiteTestDescriptor.java:128)\r\n\tat org.junit.platform.suite.engine.SuiteTestEngine.lambda$execute$0(SuiteTestEngine.java:73)\r\n\tat java.base/java.util.stream.ForEachOps$ForEachOp$OfRef.accept(ForEachOps.java:184)\r\n\tat java.base/java.util.stream.ReferencePipeline$3$1.accept(ReferencePipeline.java:197)\r\n\tat java.base/java.util.Iterator.forEachRemaining(Iterator.java:133)\r\n\tat java.base/java.util.Spliterators$IteratorSpliterator.forEachRemaining(Spliterators.java:1939)\r\n\tat java.base/java.util.stream.AbstractPipeline.copyInto(AbstractPipeline.java:509)\r\n\tat java.base/java.util.stream.AbstractPipeline.wrapAndCopyInto(AbstractPipeline.java:499)\r\n\tat java.base/java.util.stream.ForEachOps$ForEachOp.evaluateSequential(ForEachOps.java:151)\r\n\tat java.base/java.util.stream.ForEachOps$ForEachOp$OfRef.evaluateSequential(ForEachOps.java:174)\r\n\tat java.base/java.util.stream.AbstractPipeline.evaluate(AbstractPipeline.java:234)\r\n\tat java.base/java.util.stream.ReferencePipeline.forEach(ReferencePipeline.java:596)\r\n\tat org.junit.platform.suite.engine.SuiteTestEngine.execute(SuiteTestEngine.java:73)\r\n\tat org.junit.platform.launcher.core.EngineExecutionOrchestrator.execute(EngineExecutionOrchestrator.java:198)\r\n\tat org.junit.platform.launcher.core.EngineExecutionOrchestrator.execute(EngineExecutionOrchestrator.java:169)\r\n\tat org.junit.platform.launcher.core.EngineExecutionOrchestrator.execute(EngineExecutionOrchestrator.java:93)\r\n\tat org.junit.platform.launcher.core.EngineExecutionOrchestrator.lambda$execute$0(EngineExecutionOrchestrator.java:58)\r\n\tat org.junit.platform.launcher.core.EngineExecutionOrchestrator.withInterceptedStreams(EngineExecutionOrchestrator.java:141)\r\n\tat org.junit.platform.launcher.core.EngineExecutionOrchestrator.execute(EngineExecutionOrchestrator.java:57)\r\n\tat org.junit.platform.launcher.core.DefaultLauncher.execute(DefaultLauncher.java:103)\r\n\tat org.junit.platform.launcher.core.DefaultLauncher.execute(DefaultLauncher.java:94)\r\n\tat org.junit.platform.launcher.core.DelegatingLauncher.execute(DelegatingLauncher.java:52)\r\n\tat org.junit.platform.launcher.core.SessionPerRequestLauncher.execute(SessionPerRequestLauncher.java:70)\r\n\tat org.eclipse.jdt.internal.junit5.runner.JUnit5TestReference.run(JUnit5TestReference.java:100)\r\n\tat org.eclipse.jdt.internal.junit.runner.TestExecution.run(TestExecution.java:40)\r\n\tat org.eclipse.jdt.internal.junit.runner.RemoteTestRunner.runTests(RemoteTestRunner.java:520)\r\n\tat org.eclipse.jdt.internal.junit.runner.RemoteTestRunner.runTests(RemoteTestRunner.java:748)\r\n\tat org.eclipse.jdt.internal.junit.runner.RemoteTestRunner.run(RemoteTestRunner.java:443)\r\n\tat org.eclipse.jdt.internal.junit.runner.RemoteTestRunner.main(RemoteTestRunner.java:211)\r\n","duration":15276200900,"status":"failed"},"line":9,"name":"the result of \"PrivacyPolicyLinkInList\" should be validated","match":{"arguments":[{"val":"\"PrivacyPolicyLinkInList\"","offset":14}],"location":"stepdefinitions.IndexSteps.the_result_of_should_be_validated(java.lang.String)"},"keyword":"Then "}]},{"line":3,"name":"","description":"","type":"background","keyword":"Background","steps":[{"result":{"duration":8702997600,"status":"passed"},"line":4,"name":"the user launches Catalyst web site","match":{"location":"stepdefinitions.IndexSteps.the_user_launches_catalyst_web_site()"},"keyword":"Given "},{"result":{"status":"passed"},"line":5,"name":"the XPath repository for \"Index\" is loaded","match":{"arguments":[{"val":"\"Index\"","offset":25}],"location":"stepdefinitions.IndexSteps.the_x_path_repository_for_is_loaded(java.lang.String)"},"keyword":"And "}]},{"start_timestamp":"2025-11-13T02:44:16.466Z","before":[{"result":{"status":"passed"},"match":{"location":"hooks.Hooks.setupReport()"}},{"result":{"duration":1032000,"status":"passed"},"match":{"location":"hooks.Hooks.createTest(io.cucumber.java.Scenario)"}}],"line":29,"name":"Interact with homepage element and validate result","description":"","id":"validate-catalyst-homepage-using-semantic-keys;interact-with-homepage-element-and-validate-result;;18","after":[{"result":{"duration":64668600,"status":"passed"},"match":{"location":"hooks.Hooks.tearDownReport(io.cucumber.java.Scenario)"}},{"result":{"duration":2236557100,"status":"passed"},"match":{"location":"hooks.Hooks.tearDownDriver()"}}],"type":"scenario","keyword":"Scenario Outline","steps":[{"result":{"duration":74971400,"status":"passed"},"line":8,"name":"the user interacts with \"SidebarImage\"","match":{"arguments":[{"val":"\"SidebarImage\"","offset":24}],"location":"stepdefinitions.IndexSteps.the_user_interacts_with(java.lang.String)"},"keyword":"When "},{"result":{"duration":105599100,"status":"passed"},"line":9,"name":"the result of \"SidebarImage\" should be validated","match":{"arguments":[{"val":"\"SidebarImage\"","offset":14}],"location":"stepdefinitions.IndexSteps.the_result_of_should_be_validated(java.lang.String)"},"keyword":"Then "}]},{"line":3,"name":"","description":"","type":"background","keyword":"Background","steps":[{"result":{"duration":5569478100,"status":"passed"},"line":4,"name":"the user launches Catalyst web site","match":{"location":"stepdefinitions.IndexSteps.the_user_launches_catalyst_web_site()"},"keyword":"Given "},{"result":{"status":"passed"},"line":5,"name":"the XPath repository for \"Index\" is loaded","match":{"arguments":[{"val":"\"Index\"","offset":25}],"location":"stepdefinitions.IndexSteps.the_x_path_repository_for_is_loaded(java.lang.String)"},"keyword":"And "}]},{"start_timestamp":"2025-11-13T02:44:27.672Z","before":[{"result":{"status":"passed"},"match":{"location":"hooks.Hooks.setupReport()"}},{"result":{"status":"passed"},"match":{"location":"hooks.Hooks.createTest(io.cucumber.java.Scenario)"}}],"line":30,"name":"Interact with homepage element and validate result","description":"","id":"validate-catalyst-homepage-using-semantic-keys;interact-with-homepage-element-and-validate-result;;19","after":[{"result":{"duration":87012800,"status":"passed"},"match":{"location":"hooks.Hooks.tearDownReport(io.cucumber.java.Scenario)"}},{"result":{"duration":2866096500,"status":"passed"},"match":{"location":"hooks.Hooks.tearDownDriver()"}}],"type":"scenario","keyword":"Scenario Outline","steps":[{"result":{"duration":49609900,"status":"passed"},"line":8,"name":"the user interacts with \"FooterText\"","match":{"arguments":[{"val":"\"FooterText\"","offset":24}],"location":"stepdefinitions.IndexSteps.the_user_interacts_with(java.lang.String)"},"keyword":"When "},{"result":{"duration":125747800,"status":"passed"},"line":9,"name":"the result of \"FooterText\" should be validated","match":{"arguments":[{"val":"\"FooterText\"","offset":14}],"location":"stepdefinitions.IndexSteps.the_result_of_should_be_validated(java.lang.String)"},"keyword":"Then "}]}],"name":"Validate Catalyst homepage using semantic keys","description":"","id":"validate-catalyst-homepage-using-semantic-keys","keyword":"Feature","uri":"classpath:features/Test-index.feature","tags":[]}]